#
# A fatal error has been detected by the Java Runtime Environment:
#
#  SIGSEGV (0xb) at pc=0x00007f5793bf4401, pid=19219, tid=19235
#
# JRE version: OpenJDK Runtime Environment (11.0.6+10) (build 11.0.6+10-post-Ubuntu-1ubuntu118.04.1)
# Java VM: OpenJDK 64-Bit Server VM (11.0.6+10-post-Ubuntu-1ubuntu118.04.1, mixed mode, sharing, tiered, compressed oops, g1 gc, linux-amd64)
# Problematic frame:
# C  [libjimage.so+0x2401]
#
# Core dump will be written. Default location: Core dumps may be processed with "/usr/share/apport/apport %p %s %c %d %P" (or dumping to /home/udara/Documents/Assisment/maybank-assinment-project/product-management-service/core.19219)
#
# If you would like to submit a bug report, please visit:
#   https://bugs.launchpad.net/ubuntu/+source/openjdk-lts
#

---------------  S U M M A R Y ------------

Command Line: -agentlib:jdwp=transport=dt_socket,suspend=y,address=localhost:41131 -Dcom.sun.management.jmxremote -Dcom.sun.management.jmxremote.port=37399 -Dcom.sun.management.jmxremote.authenticate=false -Dcom.sun.management.jmxremote.ssl=false -Djava.rmi.server.hostname=localhost -Dspring.jmx.enabled=true -Dspring.liveBeansView.mbeanDomain -Dspring.application.admin.enabled=true -Xverify:none -XX:TieredStopAtLevel=1 -Dfile.encoding=UTF-8 com.uca.categorymgr.RestServiceApplication --spring.profiles.active=dev

Host: Intel(R) Core(TM) i7-8550U CPU @ 1.80GHz, 8 cores, 7G, Ubuntu 18.04.4 LTS
Time: Wed Feb 19 20:05:54 2020 +08 elapsed time: 566 seconds (0d 0h 9m 26s)

---------------  T H R E A D  ---------------

Current thread (0x00007f579412b800):  JavaThread "Signal Dispatcher" daemon [_thread_in_vm, id=19235, stack(0x00007f577006f000,0x00007f5770170000)]

Stack: [0x00007f577006f000,0x00007f5770170000],  sp=0x00007f577016d140,  free space=1016k
Native frames: (J=compiled Java code, A=aot compiled Java code, j=interpreted, Vv=VM code, C=native code)
C  [libjimage.so+0x2401]
C  [libjimage.so+0x30ea]
C  [libjimage.so+0x35c6]  JIMAGE_FindResource+0xd6
V  [libjvm.so+0x59098e]
V  [libjvm.so+0x5936f0]
V  [libjvm.so+0xd49c05]
V  [libjvm.so+0xd4759a]
V  [libjvm.so+0xd4a192]
V  [libjvm.so+0x644c4d]
V  [libjvm.so+0x839b0c]
j  jdk.internal.misc.Signal.dispatch(I)V+25 java.base@11.0.6
v  ~StubRoutines::call_stub
V  [libjvm.so+0x8493b9]
V  [libjvm.so+0x8481a5]
V  [libjvm.so+0xbbdaac]
V  [libjvm.so+0xd83203]
V  [libjvm.so+0xd834d5]
V  [libjvm.so+0xd7f20a]
V  [libjvm.so+0xbcf1fe]

Java frames: (J=compiled Java code, j=interpreted, Vv=VM code)
j  jdk.internal.misc.Signal.dispatch(I)V+25 java.base@11.0.6
v  ~StubRoutines::call_stub

siginfo: si_signo: 11 (SIGSEGV), si_code: 1 (SEGV_MAPERR), si_addr: 0x00007f578b50ddf8

Register to memory mapping:

RAX=0x0000000000002f77 is an unknown value
RBX=0x00007f577016d1f1 is pointing into the stack for thread: 0x00007f579412b800
RCX=0x00007f578b50201c is an unknown value
RDX=0x0000000000002f77 is an unknown value
RSP=0x00007f577016d140 is pointing into the stack for thread: 0x00007f579412b800
RBP=0x00007f577016d160 is pointing into the stack for thread: 0x00007f579412b800
RSI=0x00007f577016d1f0 is pointing into the stack for thread: 0x00007f579412b800
RDI=0x00007f5793df7130: <offset 0x0000000000205130> in /usr/lib/jvm/java-11-openjdk-amd64/lib/libjimage.so at 0x00007f5793bf2000
R8 =0x0 is NULL
R9 =0x0000000076100fa4 is an unknown value
R10=0x00007f577016d213 is pointing into the stack for thread: 0x00007f579412b800
R11=0x00007f579b6f54c0: <offset 0x00000000001af4c0> in /lib/x86_64-linux-gnu/libc.so.6 at 0x00007f579b546000
R12=0x00007f577016d1f0 is pointing into the stack for thread: 0x00007f579412b800
R13=0x00000000000083a0 is an unknown value
R14=0x00007f577016e288 is pointing into the stack for thread: 0x00007f579412b800
R15=0x00007f579412bf50 points into unknown readable memory: 6a 64 6b 2f 69 6e 74 65


Registers:
RAX=0x0000000000002f77, RBX=0x00007f577016d1f1, RCX=0x00007f578b50201c, RDX=0x0000000000002f77
RSP=0x00007f577016d140, RBP=0x00007f577016d160, RSI=0x00007f577016d1f0, RDI=0x00007f5793df7130
R8 =0x0000000000000000, R9 =0x0000000076100fa4, R10=0x00007f577016d213, R11=0x00007f579b6f54c0
R12=0x00007f577016d1f0, R13=0x00000000000083a0, R14=0x00007f577016e288, R15=0x00007f579412bf50
RIP=0x00007f5793bf4401, EFLAGS=0x0000000000010246, CSGSFS=0x002b000000000033, ERR=0x0000000000000004
  TRAPNO=0x000000000000000e

Top of Stack: (sp=0x00007f577016d140)
0x00007f577016d140:   0000000000000000 00007f5794025ec0
0x00007f577016d150:   0000000000000000 00007f577016d1f0
0x00007f577016d160:   00007f577016d1d0 00007f5793bf50ea
0x00007f577016d170:   0000000000000000 0000000000000000 

Instructions: (pc=0x00007f5793bf4401)
0x00007f5793bf4301:   c5 4c 01 e3 48 89 ce e8 d3 f3 ff ff e9 69 fd ff
0x00007f5793bf4311:   ff 89 d1 0f b7 74 08 fe 66 41 89 74 0e fe e9 7a
0x00007f5793bf4321:   fe ff ff 0f 1f 40 00 8b 08 49 8d 1c 16 41 89 0e
0x00007f5793bf4331:   89 d1 8b 74 08 fc 41 89 74 0e fc 48 8d 34 10 48
0x00007f5793bf4341:   89 75 b8 e9 0b fe ff ff 0f 1f 80 00 00 00 00 0f
0x00007f5793bf4351:   b6 17 55 89 f0 48 89 e5 84 d2 74 22 48 8d 4f 01
0x00007f5793bf4361:   0f 1f 80 00 00 00 00 48 83 c1 01 0f b6 f2 0f b6
0x00007f5793bf4371:   51 ff 69 c0 93 01 00 01 31 f0 84 d2 75 e9 25 ff
0x00007f5793bf4381:   ff ff 7f 5d c3 66 2e 0f 1f 84 00 00 00 00 00 48
0x00007f5793bf4391:   85 d2 0f 84 dd 00 00 00 85 c9 0f 84 d5 00 00 00
0x00007f5793bf43a1:   55 48 89 e5 41 55 41 54 53 48 8d 5e 01 48 83 ec
0x00007f5793bf43b1:   08 44 0f b6 06 45 84 c0 0f 84 a9 00 00 00 49 89
0x00007f5793bf43c1:   da b8 93 01 00 01 66 0f 1f 84 00 00 00 00 00 49
0x00007f5793bf43d1:   83 c2 01 44 69 c8 93 01 00 01 41 0f b6 c0 45 0f
0x00007f5793bf43e1:   b6 42 ff 44 31 c8 45 84 c0 75 e4 25 ff ff ff 7f
0x00007f5793bf43f1:   41 89 cd 48 89 d1 31 d2 41 f7 f5 49 89 f4 89 d0
0x00007f5793bf4401:   8b 34 81 48 8b 07 ff 50 20 83 f8 00 7e 41 41 0f
0x00007f5793bf4411:   b6 14 24 84 d2 74 1c 0f 1f 84 00 00 00 00 00 69
0x00007f5793bf4421:   c0 93 01 00 01 48 83 c3 01 31 d0 0f b6 53 ff 84
0x00007f5793bf4431:   d2 75 ec 25 ff ff ff 7f 31 d2 41 f7 f5 48 83 c4
0x00007f5793bf4441:   08 89 d0 5b 41 5c 41 5d 5d c3 0f 1f 44 00 00 74
0x00007f5793bf4451:   1d f7 d0 48 83 c4 08 89 c2 5b 89 d0 41 5c 41 5d
0x00007f5793bf4461:   5d c3 0f 1f 44 00 00 b8 93 01 00 01 eb 82 ba ff
0x00007f5793bf4471:   ff ff ff eb c8 83 ca ff 89 d0 c3 0f 1f 40 00 0f
0x00007f5793bf4481:   b6 17 55 48 89 f8 48 89 e5 84 d2 75 15 eb 1a 38
0x00007f5793bf4491:   ca 75 1c 48 83 c0 01 0f b6 10 48 83 c6 01 84 d2
0x00007f5793bf44a1:   74 07 0f b6 0e 84 c9 75 e6 5d c3 0f 1f 40 00 31
0x00007f5793bf44b1:   c0 5d c3 66 90 66 2e 0f 1f 84 00 00 00 00 00 55
0x00007f5793bf44c1:   48 85 f6 48 89 e5 74 57 0f 1f 80 00 00 00 00 0f
0x00007f5793bf44d1:   b6 06 84 c0 74 49 0f b6 d0 83 e0 07 c1 fa 03 44
0x00007f5793bf44e1:   8d 50 01 0f b6 c0 41 89 d1 48 8d 56 01 4c 8d 44
0x00007f5793bf44f1:   06 02 31 c0 0f 1f 00 0f b6 0a 48 c1 e0 08 48 83 


Stack slot to memory mapping:
stack at sp + 0 slots: 0x0 is NULL
stack at sp + 1 slots: 0x00007f5794025ec0 points into unknown readable memory: 40 68 02 38 57 7f 00 00
stack at sp + 2 slots: 0x0 is NULL
stack at sp + 3 slots: 0x00007f577016d1f0 is pointing into the stack for thread: 0x00007f579412b800
stack at sp + 4 slots: 0x00007f577016d1d0 is pointing into the stack for thread: 0x00007f579412b800
stack at sp + 5 slots: 0x00007f5793bf50ea: <offset 0x00000000000030ea> in /usr/lib/jvm/java-11-openjdk-amd64/lib/libjimage.so at 0x00007f5793bf2000
stack at sp + 6 slots: 0x0 is NULL
stack at sp + 7 slots: 0x0 is NULL


---------------  P R O C E S S  ---------------

Threads class SMR info:
_java_thread_list=0x00007f5730004f80, length=36, elements={
0x00007f5794124000, 0x00007f5794126000, 0x00007f579412b800, 0x00007f579412d800,
0x00007f579412f800, 0x00007f579415d800, 0x00007f57941a1800, 0x00007f57941a5000,
0x00007f57941a6800, 0x00007f5794698000, 0x00007f57946a1800, 0x00007f57946b5800,
0x00007f5718014000, 0x00007f570800d800, 0x00007f57950c4800, 0x00007f5795114800,
0x00007f56f0002800, 0x00007f5795118000, 0x00007f57953ba800, 0x00007f5795a5d800,
0x00007f5795a6f800, 0x00007f5795a75800, 0x00007f5795a7a000, 0x00007f5795a7b800,
0x00007f5795a7d800, 0x00007f5795a7f800, 0x00007f5795a81800, 0x00007f5795a83800,
0x00007f5795a85800, 0x00007f5795a87800, 0x00007f5795a89800, 0x00007f5795a8f800,
0x00007f5795a92800, 0x00007f5794019000, 0x00007f5728001800, 0x00007f56b4003800
}

Java Threads: ( => current thread )
  0x00007f5794124000 JavaThread "Reference Handler" daemon [_thread_blocked, id=19232, stack(0x00007f5770271000,0x00007f5770372000)]
  0x00007f5794126000 JavaThread "Finalizer" daemon [_thread_blocked, id=19234, stack(0x00007f5770170000,0x00007f5770271000)]
=>0x00007f579412b800 JavaThread "Signal Dispatcher" daemon [_thread_in_vm, id=19235, stack(0x00007f577006f000,0x00007f5770170000)]
  0x00007f579412d800 JavaThread "C1 CompilerThread0" daemon [_thread_blocked, id=19236, stack(0x00007f5762d2f000,0x00007f5762e30000)]
  0x00007f579412f800 JavaThread "Sweeper thread" daemon [_thread_blocked, id=19237, stack(0x00007f5762c2e000,0x00007f5762d2f000)]
  0x00007f579415d800 JavaThread "Common-Cleaner" daemon [_thread_blocked, id=19238, stack(0x00007f5762b2d000,0x00007f5762c2e000)]
  0x00007f57941a1800 JavaThread "JDWP Transport Listener: dt_socket" daemon [_thread_in_native, id=19241, stack(0x00007f5762826000,0x00007f5762927000)]
  0x00007f57941a5000 JavaThread "JDWP Event Helper Thread" daemon [_thread_blocked, id=19243, stack(0x00007f5762725000,0x00007f5762826000)]
  0x00007f57941a6800 JavaThread "Service Thread" daemon [_thread_blocked, id=19248, stack(0x00007f5762523000,0x00007f5762624000)]
  0x00007f5794698000 JavaThread "RMI TCP Accept-0" daemon [_thread_in_native, id=19249, stack(0x00007f57619ec000,0x00007f5761aed000)]
  0x00007f57946a1800 JavaThread "RMI TCP Accept-37399" daemon [_thread_in_native, id=19250, stack(0x00007f57618eb000,0x00007f57619ec000)]
  0x00007f57946b5800 JavaThread "RMI TCP Accept-0" daemon [_thread_in_native, id=19251, stack(0x00007f57617ea000,0x00007f57618eb000)]
  0x00007f5718014000 JavaThread "RMI Scheduler(0)" daemon [_thread_blocked, id=19259, stack(0x00007f57610df000,0x00007f57611e0000)]
  0x00007f570800d800 JavaThread "JMX server connection timeout 22" daemon [_thread_blocked, id=19260, stack(0x00007f5760fde000,0x00007f57610df000)]
  0x00007f57950c4800 JavaThread "mysql-cj-abandoned-connection-cleanup" daemon [_thread_blocked, id=19273, stack(0x00007f5760edd000,0x00007f5760fde000)]
  0x00007f5795114800 JavaThread "Catalina-utility-1" [_thread_blocked, id=19274, stack(0x00007f5760ada000,0x00007f5760bdb000)]
  0x00007f56f0002800 JavaThread "Catalina-utility-2" [_thread_blocked, id=19275, stack(0x00007f56f6ffd000,0x00007f56f70fe000)]
  0x00007f5795118000 JavaThread "container-0" [_thread_blocked, id=19276, stack(0x00007f56f6efc000,0x00007f56f6ffd000)]
  0x00007f57953ba800 JavaThread "HikariPool-1 housekeeper" daemon [_thread_blocked, id=19281, stack(0x00007f56f63f3000,0x00007f56f64f4000)]
  0x00007f5795a5d800 JavaThread "spring.cloud.inetutils" daemon [_thread_blocked, id=19285, stack(0x00007f56f53f1000,0x00007f56f54f2000)]
  0x00007f5795a6f800 JavaThread "http-nio-8080-BlockPoller" daemon [_thread_in_native, id=19286, stack(0x00007f56f52f0000,0x00007f56f53f1000)]
  0x00007f5795a75800 JavaThread "http-nio-8080-exec-1" daemon [_thread_blocked, id=19287, stack(0x00007f56f51ef000,0x00007f56f52f0000)]
  0x00007f5795a7a000 JavaThread "http-nio-8080-exec-2" daemon [_thread_blocked, id=19288, stack(0x00007f56f50ee000,0x00007f56f51ef000)]
  0x00007f5795a7b800 JavaThread "http-nio-8080-exec-3" daemon [_thread_blocked, id=19289, stack(0x00007f56f4fed000,0x00007f56f50ee000)]
  0x00007f5795a7d800 JavaThread "http-nio-8080-exec-4" daemon [_thread_blocked, id=19290, stack(0x00007f56f4eec000,0x00007f56f4fed000)]
  0x00007f5795a7f800 JavaThread "http-nio-8080-exec-5" daemon [_thread_blocked, id=19291, stack(0x00007f56f4deb000,0x00007f56f4eec000)]
  0x00007f5795a81800 JavaThread "http-nio-8080-exec-6" daemon [_thread_blocked, id=19292, stack(0x00007f56f4cea000,0x00007f56f4deb000)]
  0x00007f5795a83800 JavaThread "http-nio-8080-exec-7" daemon [_thread_blocked, id=19293, stack(0x00007f56f4be9000,0x00007f56f4cea000)]
  0x00007f5795a85800 JavaThread "http-nio-8080-exec-8" daemon [_thread_blocked, id=19294, stack(0x00007f56f4ae8000,0x00007f56f4be9000)]
  0x00007f5795a87800 JavaThread "http-nio-8080-exec-9" daemon [_thread_blocked, id=19295, stack(0x00007f56f49e7000,0x00007f56f4ae8000)]
  0x00007f5795a89800 JavaThread "http-nio-8080-exec-10" daemon [_thread_blocked, id=19296, stack(0x00007f56f48e6000,0x00007f56f49e7000)]
  0x00007f5795a8f800 JavaThread "http-nio-8080-ClientPoller" daemon [_thread_in_native, id=19297, stack(0x00007f56f47e5000,0x00007f56f48e6000)]
  0x00007f5795a92800 JavaThread "http-nio-8080-Acceptor" daemon [_thread_in_native, id=19298, stack(0x00007f56f46e4000,0x00007f56f47e5000)]
  0x00007f5794019000 JavaThread "DestroyJavaVM" [_thread_blocked, id=19224, stack(0x00007f579bc51000,0x00007f579bd52000)]
  0x00007f5728001800 JavaThread "RMI TCP Connection(idle)" daemon [_thread_blocked, id=19638, stack(0x00007f56f41df000,0x00007f56f42e0000)]
  0x00007f56b4003800 JavaThread "Keep-Alive-Timer" daemon [_thread_blocked, id=20371, stack(0x00007f56f40de000,0x00007f56f41df000)]

Other Threads:
  0x00007f5794121000 VMThread "VM Thread" [stack: 0x00007f5770374000,0x00007f5770474000] [id=19231]
  0x00007f57946b8800 WatcherThread [stack: 0x00007f57616ea000,0x00007f57617ea000] [id=19252]
  0x00007f5794032000 GCTaskThread "GC Thread#0" [stack: 0x00007f577c230000,0x00007f577c330000] [id=19225]
  0x00007f5758001000 GCTaskThread "GC Thread#1" [stack: 0x00007f57614e7000,0x00007f57615e7000] [id=19254]
  0x00007f5758002800 GCTaskThread "GC Thread#2" [stack: 0x00007f57613e5000,0x00007f57614e5000] [id=19255]
  0x00007f5758006000 GCTaskThread "GC Thread#3" [stack: 0x00007f5760bdd000,0x00007f5760cdd000] [id=19264]
  0x00007f5758024800 GCTaskThread "GC Thread#4" [stack: 0x00007f56f6dfc000,0x00007f56f6efc000] [id=19277]
  0x00007f5758026000 GCTaskThread "GC Thread#5" [stack: 0x00007f56f6cfa000,0x00007f56f6dfa000] [id=19278]
  0x00007f5758028000 GCTaskThread "GC Thread#6" [stack: 0x00007f56f6bf8000,0x00007f56f6cf8000] [id=19279]
  0x00007f5758029800 GCTaskThread "GC Thread#7" [stack: 0x00007f56f6af6000,0x00007f56f6bf6000] [id=19280]
  0x00007f5794063000 ConcurrentGCThread "G1 Main Marker" [stack: 0x00007f5773005000,0x00007f5773105000] [id=19226]
  0x00007f5794065000 ConcurrentGCThread "G1 Conc#0" [stack: 0x00007f5772f03000,0x00007f5773003000] [id=19227]
  0x00007f576c001000 ConcurrentGCThread "G1 Conc#1" [stack: 0x00007f56f7b00000,0x00007f56f7c00000] [id=19268]
  0x00007f57940ed800 ConcurrentGCThread "G1 Refine#0" [stack: 0x00007f57705f9000,0x00007f57706f9000] [id=19228]
  0x00007f5768001000 ConcurrentGCThread "G1 Refine#1" [stack: 0x00007f57612e3000,0x00007f57613e3000] [id=19256]
  0x00007f57940ef000 ConcurrentGCThread "G1 Young RemSet Sampling" [stack: 0x00007f57704f7000,0x00007f57705f7000] [id=19229]

Threads with active compile tasks:

VM state:not at safepoint (normal execution)

VM Mutex/Monitor currently owned by a thread: None

Heap address: 0x0000000085200000, size: 1966 MB, Compressed Oops mode: 32-bit
Narrow klass base: 0x0000000800000000, Narrow klass shift: 3
Compressed class space size: 1073741824 Address: 0x0000000840000000

Heap:
 garbage-first heap   total 210944K, used 43565K [0x0000000085200000, 0x0000000100000000)
  region size 1024K, 23 young (23552K), 11 survivors (11264K)
 Metaspace       used 59402K, capacity 61280K, committed 61488K, reserved 1101824K
  class space    used 8246K, capacity 8986K, committed 9088K, reserved 1048576K
Heap Regions: E=young(eden), S=young(survivor), O=old, HS=humongous(starts), HC=humongous(continues), CS=collection set, F=free, A=archive, TAMS=top-at-mark-start (previous, next)
|   0|0x0000000085200000, 0x0000000085300000, 0x0000000085300000|100%|HS|  |TAMS 0x0000000085300000, 0x0000000085200000| Complete 
|   1|0x0000000085300000, 0x0000000085400000, 0x0000000085400000|100%| O|  |TAMS 0x0000000085400000, 0x0000000085300000| Untracked 
|   2|0x0000000085400000, 0x0000000085500000, 0x0000000085500000|100%| O|  |TAMS 0x0000000085500000, 0x0000000085400000| Untracked 
|   3|0x0000000085500000, 0x0000000085600000, 0x0000000085600000|100%| O|  |TAMS 0x0000000085600000, 0x0000000085500000| Untracked 
|   4|0x0000000085600000, 0x0000000085700000, 0x0000000085700000|100%| O|  |TAMS 0x0000000085700000, 0x0000000085600000| Untracked 
|   5|0x0000000085700000, 0x0000000085800000, 0x0000000085800000|100%| O|  |TAMS 0x0000000085800000, 0x0000000085700000| Untracked 
|   6|0x0000000085800000, 0x0000000085900000, 0x0000000085900000|100%| O|  |TAMS 0x0000000085900000, 0x0000000085800000| Untracked 
|   7|0x0000000085900000, 0x0000000085a00000, 0x0000000085a00000|100%| O|  |TAMS 0x0000000085a00000, 0x0000000085900000| Untracked 
|   8|0x0000000085a00000, 0x0000000085b00000, 0x0000000085b00000|100%| O|  |TAMS 0x0000000085b00000, 0x0000000085a00000| Untracked 
|   9|0x0000000085b00000, 0x0000000085c00000, 0x0000000085c00000|100%| O|  |TAMS 0x0000000085c00000, 0x0000000085b00000| Untracked 
|  10|0x0000000085c00000, 0x0000000085d00000, 0x0000000085d00000|100%| O|  |TAMS 0x0000000085d00000, 0x0000000085c00000| Untracked 
|  11|0x0000000085d00000, 0x0000000085e00000, 0x0000000085e00000|100%| O|  |TAMS 0x0000000085e00000, 0x0000000085d00000| Untracked 
|  12|0x0000000085e00000, 0x0000000085f00000, 0x0000000085f00000|100%| O|  |TAMS 0x0000000085f00000, 0x0000000085e00000| Untracked 
|  13|0x0000000085f00000, 0x0000000086000000, 0x0000000086000000|100%| O|  |TAMS 0x0000000086000000, 0x0000000085f00000| Untracked 
|  14|0x0000000086000000, 0x0000000086100000, 0x0000000086100000|100%| O|  |TAMS 0x0000000086100000, 0x0000000086000000| Untracked 
|  15|0x0000000086100000, 0x0000000086200000, 0x0000000086200000|100%| O|  |TAMS 0x0000000086200000, 0x0000000086100000| Untracked 
|  16|0x0000000086200000, 0x0000000086300000, 0x0000000086300000|100%| O|  |TAMS 0x0000000086300000, 0x0000000086200000| Untracked 
|  17|0x0000000086300000, 0x0000000086400000, 0x0000000086400000|100%| O|  |TAMS 0x0000000086400000, 0x0000000086300000| Untracked 
|  18|0x0000000086400000, 0x0000000086500000, 0x0000000086500000|100%| O|  |TAMS 0x0000000086500000, 0x0000000086400000| Untracked 
|  19|0x0000000086500000, 0x00000000865da400, 0x0000000086600000| 85%| O|  |TAMS 0x00000000865da400, 0x0000000086500000| Untracked 
|  20|0x0000000086600000, 0x0000000086600000, 0x0000000086700000|  0%| F|  |TAMS 0x0000000086600000, 0x0000000086600000| Untracked 
|  21|0x0000000086700000, 0x0000000086700000, 0x0000000086800000|  0%| F|  |TAMS 0x0000000086700000, 0x0000000086700000| Untracked 
|  22|0x0000000086800000, 0x0000000086800000, 0x0000000086900000|  0%| F|  |TAMS 0x0000000086800000, 0x0000000086800000| Untracked 
|  23|0x0000000086900000, 0x0000000086900000, 0x0000000086a00000|  0%| F|  |TAMS 0x0000000086900000, 0x0000000086900000| Untracked 
|  24|0x0000000086a00000, 0x0000000086a00000, 0x0000000086b00000|  0%| F|  |TAMS 0x0000000086a00000, 0x0000000086a00000| Untracked 
|  25|0x0000000086b00000, 0x0000000086b00000, 0x0000000086c00000|  0%| F|  |TAMS 0x0000000086b00000, 0x0000000086b00000| Untracked 
|  26|0x0000000086c00000, 0x0000000086c00000, 0x0000000086d00000|  0%| F|  |TAMS 0x0000000086c00000, 0x0000000086c00000| Untracked 
|  27|0x0000000086d00000, 0x0000000086d00000, 0x0000000086e00000|  0%| F|  |TAMS 0x0000000086d00000, 0x0000000086d00000| Untracked 
|  28|0x0000000086e00000, 0x0000000086e00000, 0x0000000086f00000|  0%| F|  |TAMS 0x0000000086e00000, 0x0000000086e00000| Untracked 
|  29|0x0000000086f00000, 0x0000000086f00000, 0x0000000087000000|  0%| F|  |TAMS 0x0000000086f00000, 0x0000000086f00000| Untracked 
|  30|0x0000000087000000, 0x0000000087000000, 0x0000000087100000|  0%| F|  |TAMS 0x0000000087000000, 0x0000000087000000| Untracked 
|  31|0x0000000087100000, 0x0000000087100000, 0x0000000087200000|  0%| F|  |TAMS 0x0000000087100000, 0x0000000087100000| Untracked 
|  32|0x0000000087200000, 0x0000000087200000, 0x0000000087300000|  0%| F|  |TAMS 0x0000000087200000, 0x0000000087200000| Untracked 
|  33|0x0000000087300000, 0x0000000087300000, 0x0000000087400000|  0%| F|  |TAMS 0x0000000087300000, 0x0000000087300000| Untracked 
|  34|0x0000000087400000, 0x0000000087400000, 0x0000000087500000|  0%| F|  |TAMS 0x0000000087400000, 0x0000000087400000| Untracked 
|  35|0x0000000087500000, 0x0000000087500000, 0x0000000087600000|  0%| F|  |TAMS 0x0000000087500000, 0x0000000087500000| Untracked 
|  36|0x0000000087600000, 0x0000000087600000, 0x0000000087700000|  0%| F|  |TAMS 0x0000000087600000, 0x0000000087600000| Untracked 
|  37|0x0000000087700000, 0x0000000087700000, 0x0000000087800000|  0%| F|  |TAMS 0x0000000087700000, 0x0000000087700000| Untracked 
|  38|0x0000000087800000, 0x0000000087800000, 0x0000000087900000|  0%| F|  |TAMS 0x0000000087800000, 0x0000000087800000| Untracked 
|  39|0x0000000087900000, 0x0000000087900000, 0x0000000087a00000|  0%| F|  |TAMS 0x0000000087900000, 0x0000000087900000| Untracked 
|  40|0x0000000087a00000, 0x0000000087a00000, 0x0000000087b00000|  0%| F|  |TAMS 0x0000000087a00000, 0x0000000087a00000| Untracked 
|  41|0x0000000087b00000, 0x0000000087b00000, 0x0000000087c00000|  0%| F|  |TAMS 0x0000000087b00000, 0x0000000087b00000| Untracked 
|  42|0x0000000087c00000, 0x0000000087c00000, 0x0000000087d00000|  0%| F|  |TAMS 0x0000000087c00000, 0x0000000087c00000| Untracked 
|  43|0x0000000087d00000, 0x0000000087d00000, 0x0000000087e00000|  0%| F|  |TAMS 0x0000000087d00000, 0x0000000087d00000| Untracked 
|  44|0x0000000087e00000, 0x0000000087e00000, 0x0000000087f00000|  0%| F|  |TAMS 0x0000000087e00000, 0x0000000087e00000| Untracked 
|  45|0x0000000087f00000, 0x0000000087f00000, 0x0000000088000000|  0%| F|  |TAMS 0x0000000087f00000, 0x0000000087f00000| Untracked 
|  46|0x0000000088000000, 0x0000000088000000, 0x0000000088100000|  0%| F|  |TAMS 0x0000000088000000, 0x0000000088000000| Untracked 
|  47|0x0000000088100000, 0x0000000088100000, 0x0000000088200000|  0%| F|  |TAMS 0x0000000088100000, 0x0000000088100000| Untracked 
|  48|0x0000000088200000, 0x0000000088200000, 0x0000000088300000|  0%| F|  |TAMS 0x0000000088200000, 0x0000000088200000| Untracked 
|  49|0x0000000088300000, 0x0000000088300000, 0x0000000088400000|  0%| F|  |TAMS 0x0000000088300000, 0x0000000088300000| Untracked 
|  50|0x0000000088400000, 0x0000000088400000, 0x0000000088500000|  0%| F|  |TAMS 0x0000000088400000, 0x0000000088400000| Untracked 
|  51|0x0000000088500000, 0x0000000088500000, 0x0000000088600000|  0%| F|  |TAMS 0x0000000088500000, 0x0000000088500000| Untracked 
|  52|0x0000000088600000, 0x0000000088600000, 0x0000000088700000|  0%| F|  |TAMS 0x0000000088600000, 0x0000000088600000| Untracked 
|  53|0x0000000088700000, 0x0000000088700000, 0x0000000088800000|  0%| F|  |TAMS 0x0000000088700000, 0x0000000088700000| Untracked 
|  54|0x0000000088800000, 0x0000000088800000, 0x0000000088900000|  0%| F|  |TAMS 0x0000000088800000, 0x0000000088800000| Untracked 
|  55|0x0000000088900000, 0x0000000088900000, 0x0000000088a00000|  0%| F|  |TAMS 0x0000000088900000, 0x0000000088900000| Untracked 
|  56|0x0000000088a00000, 0x0000000088a00000, 0x0000000088b00000|  0%| F|  |TAMS 0x0000000088a00000, 0x0000000088a00000| Untracked 
|  57|0x0000000088b00000, 0x0000000088b00000, 0x0000000088c00000|  0%| F|  |TAMS 0x0000000088b00000, 0x0000000088b00000| Untracked 
|  58|0x0000000088c00000, 0x0000000088c00000, 0x0000000088d00000|  0%| F|  |TAMS 0x0000000088c00000, 0x0000000088c00000| Untracked 
|  59|0x0000000088d00000, 0x0000000088d00000, 0x0000000088e00000|  0%| F|  |TAMS 0x0000000088d00000, 0x0000000088d00000| Untracked 
|  60|0x0000000088e00000, 0x0000000088e00000, 0x0000000088f00000|  0%| F|  |TAMS 0x0000000088e00000, 0x0000000088e00000| Untracked 
|  61|0x0000000088f00000, 0x0000000088f00000, 0x0000000089000000|  0%| F|  |TAMS 0x0000000088f00000, 0x0000000088f00000| Untracked 
|  62|0x0000000089000000, 0x0000000089000000, 0x0000000089100000|  0%| F|  |TAMS 0x0000000089000000, 0x0000000089000000| Untracked 
|  63|0x0000000089100000, 0x0000000089100000, 0x0000000089200000|  0%| F|  |TAMS 0x0000000089100000, 0x0000000089100000| Untracked 
|  64|0x0000000089200000, 0x0000000089200000, 0x0000000089300000|  0%| F|  |TAMS 0x0000000089200000, 0x0000000089200000| Untracked 
|  65|0x0000000089300000, 0x0000000089300000, 0x0000000089400000|  0%| F|  |TAMS 0x0000000089300000, 0x0000000089300000| Untracked 
|  66|0x0000000089400000, 0x0000000089400000, 0x0000000089500000|  0%| F|  |TAMS 0x0000000089400000, 0x0000000089400000| Untracked 
|  67|0x0000000089500000, 0x0000000089500000, 0x0000000089600000|  0%| F|  |TAMS 0x0000000089500000, 0x0000000089500000| Untracked 
|  68|0x0000000089600000, 0x0000000089600000, 0x0000000089700000|  0%| F|  |TAMS 0x0000000089600000, 0x0000000089600000| Untracked 
|  69|0x0000000089700000, 0x0000000089700000, 0x0000000089800000|  0%| F|  |TAMS 0x0000000089700000, 0x0000000089700000| Untracked 
|  70|0x0000000089800000, 0x0000000089800000, 0x0000000089900000|  0%| F|  |TAMS 0x0000000089800000, 0x0000000089800000| Untracked 
|  71|0x0000000089900000, 0x0000000089900000, 0x0000000089a00000|  0%| F|  |TAMS 0x0000000089900000, 0x0000000089900000| Untracked 
|  72|0x0000000089a00000, 0x0000000089a00000, 0x0000000089b00000|  0%| F|  |TAMS 0x0000000089a00000, 0x0000000089a00000| Untracked 
|  73|0x0000000089b00000, 0x0000000089b00000, 0x0000000089c00000|  0%| F|  |TAMS 0x0000000089b00000, 0x0000000089b00000| Untracked 
|  74|0x0000000089c00000, 0x0000000089c00000, 0x0000000089d00000|  0%| F|  |TAMS 0x0000000089c00000, 0x0000000089c00000| Untracked 
|  75|0x0000000089d00000, 0x0000000089d00000, 0x0000000089e00000|  0%| F|  |TAMS 0x0000000089d00000, 0x0000000089d00000| Untracked 
|  76|0x0000000089e00000, 0x0000000089e00000, 0x0000000089f00000|  0%| F|  |TAMS 0x0000000089e00000, 0x0000000089e00000| Untracked 
|  77|0x0000000089f00000, 0x0000000089f00000, 0x000000008a000000|  0%| F|  |TAMS 0x0000000089f00000, 0x0000000089f00000| Untracked 
|  78|0x000000008a000000, 0x000000008a000000, 0x000000008a100000|  0%| F|  |TAMS 0x000000008a000000, 0x000000008a000000| Untracked 
|  79|0x000000008a100000, 0x000000008a100000, 0x000000008a200000|  0%| F|  |TAMS 0x000000008a100000, 0x000000008a100000| Untracked 
|  80|0x000000008a200000, 0x000000008a200000, 0x000000008a300000|  0%| F|  |TAMS 0x000000008a200000, 0x000000008a200000| Untracked 
|  81|0x000000008a300000, 0x000000008a300000, 0x000000008a400000|  0%| F|  |TAMS 0x000000008a300000, 0x000000008a300000| Untracked 
|  82|0x000000008a400000, 0x000000008a400000, 0x000000008a500000|  0%| F|  |TAMS 0x000000008a400000, 0x000000008a400000| Untracked 
|  83|0x000000008a500000, 0x000000008a500000, 0x000000008a600000|  0%| F|  |TAMS 0x000000008a500000, 0x000000008a500000| Untracked 
|  84|0x000000008a600000, 0x000000008a600000, 0x000000008a700000|  0%| F|  |TAMS 0x000000008a600000, 0x000000008a600000| Untracked 
|  85|0x000000008a700000, 0x000000008a700000, 0x000000008a800000|  0%| F|  |TAMS 0x000000008a700000, 0x000000008a700000| Untracked 
|  86|0x000000008a800000, 0x000000008a800000, 0x000000008a900000|  0%| F|  |TAMS 0x000000008a800000, 0x000000008a800000| Untracked 
|  87|0x000000008a900000, 0x000000008a900000, 0x000000008aa00000|  0%| F|  |TAMS 0x000000008a900000, 0x000000008a900000| Untracked 
|  88|0x000000008aa00000, 0x000000008aa00000, 0x000000008ab00000|  0%| F|  |TAMS 0x000000008aa00000, 0x000000008aa00000| Untracked 
|  89|0x000000008ab00000, 0x000000008ab00000, 0x000000008ac00000|  0%| F|  |TAMS 0x000000008ab00000, 0x000000008ab00000| Untracked 
|  90|0x000000008ac00000, 0x000000008ac00000, 0x000000008ad00000