#
# A fatal error has been detected by the Java Runtime Environment:
#
#  SIGSEGV (0xb) at pc=0x00007faa7d390401, pid=16184, tid=16201
#
# JRE version: OpenJDK Runtime Environment (11.0.6+10) (build 11.0.6+10-post-Ubuntu-1ubuntu118.04.1)
# Java VM: OpenJDK 64-Bit Server VM (11.0.6+10-post-Ubuntu-1ubuntu118.04.1, mixed mode, sharing, tiered, compressed oops, g1 gc, linux-amd64)
# Problematic frame:
# C  [libjimage.so+0x2401]
#
# Core dump will be written. Default location: Core dumps may be processed with "/usr/share/apport/apport %p %s %c %d %P" (or dumping to /home/udara/Documents/Assisment/maybank-assinment-project/product-management-service/core.16184)
#
# If you would like to submit a bug report, please visit:
#   https://bugs.launchpad.net/ubuntu/+source/openjdk-lts
#

---------------  S U M M A R Y ------------

Command Line: -agentlib:jdwp=transport=dt_socket,suspend=y,address=localhost:43357 -Dcom.sun.management.jmxremote -Dcom.sun.management.jmxremote.port=37941 -Dcom.sun.management.jmxremote.authenticate=false -Dcom.sun.management.jmxremote.ssl=false -Djava.rmi.server.hostname=localhost -Dspring.jmx.enabled=true -Dspring.liveBeansView.mbeanDomain -Dspring.application.admin.enabled=true -Xverify:none -XX:TieredStopAtLevel=1 -Dfile.encoding=UTF-8 com.uca.categorymgr.RestServiceApplication --spring.profiles.active=dev

Host: Intel(R) Core(TM) i7-8550U CPU @ 1.80GHz, 8 cores, 7G, Ubuntu 18.04.4 LTS
Time: Wed Feb 19 19:53:18 2020 +08 elapsed time: 1513 seconds (0d 0h 25m 13s)

---------------  T H R E A D  ---------------

Current thread (0x00007faa7812b800):  JavaThread "Signal Dispatcher" daemon [_thread_in_vm, id=16201, stack(0x00007faa505a4000,0x00007faa506a5000)]

Stack: [0x00007faa505a4000,0x00007faa506a5000],  sp=0x00007faa506a2140,  free space=1016k
Native frames: (J=compiled Java code, A=aot compiled Java code, j=interpreted, Vv=VM code, C=native code)
C  [libjimage.so+0x2401]
C  [libjimage.so+0x30ea]
C  [libjimage.so+0x35c6]  JIMAGE_FindResource+0xd6
V  [libjvm.so+0x59098e]
V  [libjvm.so+0x5936f0]
V  [libjvm.so+0xd49c05]
V  [libjvm.so+0xd4759a]
V  [libjvm.so+0xd4a192]
V  [libjvm.so+0x644c4d]
V  [libjvm.so+0x839b0c]
j  jdk.internal.misc.Signal.dispatch(I)V+25 java.base@11.0.6
v  ~StubRoutines::call_stub
V  [libjvm.so+0x8493b9]
V  [libjvm.so+0x8481a5]
V  [libjvm.so+0xbbdaac]
V  [libjvm.so+0xd83203]
V  [libjvm.so+0xd834d5]
V  [libjvm.so+0xd7f20a]
V  [libjvm.so+0xbcf1fe]

Java frames: (J=compiled Java code, j=interpreted, Vv=VM code)
j  jdk.internal.misc.Signal.dispatch(I)V+25 java.base@11.0.6
v  ~StubRoutines::call_stub

siginfo: si_signo: 11 (SIGSEGV), si_code: 1 (SEGV_MAPERR), si_addr: 0x00007faa6f91bdf8

Register to memory mapping:

RAX=0x0000000000002f77 is an unknown value
RBX=0x00007faa506a21f1 is pointing into the stack for thread: 0x00007faa7812b800
RCX=0x00007faa6f91001c is an unknown value
RDX=0x0000000000002f77 is an unknown value
RSP=0x00007faa506a2140 is pointing into the stack for thread: 0x00007faa7812b800
RBP=0x00007faa506a2160 is pointing into the stack for thread: 0x00007faa7812b800
RSI=0x00007faa506a21f0 is pointing into the stack for thread: 0x00007faa7812b800
RDI=0x00007faa7d593130: <offset 0x0000000000205130> in /usr/lib/jvm/java-11-openjdk-amd64/lib/libjimage.so at 0x00007faa7d38e000
R8 =0x0 is NULL
R9 =0x0000000076100fa4 is an unknown value
R10=0x00007faa506a2213 is pointing into the stack for thread: 0x00007faa7812b800
R11=0x00007faa80daf4c0: <offset 0x00000000001af4c0> in /lib/x86_64-linux-gnu/libc.so.6 at 0x00007faa80c00000
R12=0x00007faa506a21f0 is pointing into the stack for thread: 0x00007faa7812b800
R13=0x00000000000083a0 is an unknown value
R14=0x00007faa506a3288 is pointing into the stack for thread: 0x00007faa7812b800
R15=0x00007faa7812bf50 points into unknown readable memory: 6a 64 6b 2f 69 6e 74 65


Registers:
RAX=0x0000000000002f77, RBX=0x00007faa506a21f1, RCX=0x00007faa6f91001c, RDX=0x0000000000002f77
RSP=0x00007faa506a2140, RBP=0x00007faa506a2160, RSI=0x00007faa506a21f0, RDI=0x00007faa7d593130
R8 =0x0000000000000000, R9 =0x0000000076100fa4, R10=0x00007faa506a2213, R11=0x00007faa80daf4c0
R12=0x00007faa506a21f0, R13=0x00000000000083a0, R14=0x00007faa506a3288, R15=0x00007faa7812bf50
RIP=0x00007faa7d390401, EFLAGS=0x0000000000010246, CSGSFS=0x002b000000000033, ERR=0x0000000000000004
  TRAPNO=0x000000000000000e

Top of Stack: (sp=0x00007faa506a2140)
0x00007faa506a2140:   0000000000000000 00007faa78025ec0
0x00007faa506a2150:   0000000000000000 00007faa506a21f0
0x00007faa506a2160:   00007faa506a21d0 00007faa7d3910ea
0x00007faa506a2170:   0000000000000000 0000000000000000 

Instructions: (pc=0x00007faa7d390401)
0x00007faa7d390301:   c5 4c 01 e3 48 89 ce e8 d3 f3 ff ff e9 69 fd ff
0x00007faa7d390311:   ff 89 d1 0f b7 74 08 fe 66 41 89 74 0e fe e9 7a
0x00007faa7d390321:   fe ff ff 0f 1f 40 00 8b 08 49 8d 1c 16 41 89 0e
0x00007faa7d390331:   89 d1 8b 74 08 fc 41 89 74 0e fc 48 8d 34 10 48
0x00007faa7d390341:   89 75 b8 e9 0b fe ff ff 0f 1f 80 00 00 00 00 0f
0x00007faa7d390351:   b6 17 55 89 f0 48 89 e5 84 d2 74 22 48 8d 4f 01
0x00007faa7d390361:   0f 1f 80 00 00 00 00 48 83 c1 01 0f b6 f2 0f b6
0x00007faa7d390371:   51 ff 69 c0 93 01 00 01 31 f0 84 d2 75 e9 25 ff
0x00007faa7d390381:   ff ff 7f 5d c3 66 2e 0f 1f 84 00 00 00 00 00 48
0x00007faa7d390391:   85 d2 0f 84 dd 00 00 00 85 c9 0f 84 d5 00 00 00
0x00007faa7d3903a1:   55 48 89 e5 41 55 41 54 53 48 8d 5e 01 48 83 ec
0x00007faa7d3903b1:   08 44 0f b6 06 45 84 c0 0f 84 a9 00 00 00 49 89
0x00007faa7d3903c1:   da b8 93 01 00 01 66 0f 1f 84 00 00 00 00 00 49
0x00007faa7d3903d1:   83 c2 01 44 69 c8 93 01 00 01 41 0f b6 c0 45 0f
0x00007faa7d3903e1:   b6 42 ff 44 31 c8 45 84 c0 75 e4 25 ff ff ff 7f
0x00007faa7d3903f1:   41 89 cd 48 89 d1 31 d2 41 f7 f5 49 89 f4 89 d0
0x00007faa7d390401:   8b 34 81 48 8b 07 ff 50 20 83 f8 00 7e 41 41 0f
0x00007faa7d390411:   b6 14 24 84 d2 74 1c 0f 1f 84 00 00 00 00 00 69
0x00007faa7d390421:   c0 93 01 00 01 48 83 c3 01 31 d0 0f b6 53 ff 84
0x00007faa7d390431:   d2 75 ec 25 ff ff ff 7f 31 d2 41 f7 f5 48 83 c4
0x00007faa7d390441:   08 89 d0 5b 41 5c 41 5d 5d c3 0f 1f 44 00 00 74
0x00007faa7d390451:   1d f7 d0 48 83 c4 08 89 c2 5b 89 d0 41 5c 41 5d
0x00007faa7d390461:   5d c3 0f 1f 44 00 00 b8 93 01 00 01 eb 82 ba ff
0x00007faa7d390471:   ff ff ff eb c8 83 ca ff 89 d0 c3 0f 1f 40 00 0f
0x00007faa7d390481:   b6 17 55 48 89 f8 48 89 e5 84 d2 75 15 eb 1a 38
0x00007faa7d390491:   ca 75 1c 48 83 c0 01 0f b6 10 48 83 c6 01 84 d2
0x00007faa7d3904a1:   74 07 0f b6 0e 84 c9 75 e6 5d c3 0f 1f 40 00 31
0x00007faa7d3904b1:   c0 5d c3 66 90 66 2e 0f 1f 84 00 00 00 00 00 55
0x00007faa7d3904c1:   48 85 f6 48 89 e5 74 57 0f 1f 80 00 00 00 00 0f
0x00007faa7d3904d1:   b6 06 84 c0 74 49 0f b6 d0 83 e0 07 c1 fa 03 44
0x00007faa7d3904e1:   8d 50 01 0f b6 c0 41 89 d1 48 8d 56 01 4c 8d 44
0x00007faa7d3904f1:   06 02 31 c0 0f 1f 00 0f b6 0a 48 c1 e0 08 48 83 


Stack slot to memory mapping:
stack at sp + 0 slots: 0x0 is NULL
stack at sp + 1 slots: 0x00007faa78025ec0 points into unknown readable memory: b0 6c 00 9c a9 7f 00 00
stack at sp + 2 slots: 0x0 is NULL
stack at sp + 3 slots: 0x00007faa506a21f0 is pointing into the stack for thread: 0x00007faa7812b800
stack at sp + 4 slots: 0x00007faa506a21d0 is pointing into the stack for thread: 0x00007faa7812b800
stack at sp + 5 slots: 0x00007faa7d3910ea: <offset 0x00000000000030ea> in /usr/lib/jvm/java-11-openjdk-amd64/lib/libjimage.so at 0x00007faa7d38e000
stack at sp + 6 slots: 0x0 is NULL
stack at sp + 7 slots: 0x0 is NULL


---------------  P R O C E S S  ---------------

Threads class SMR info:
_java_thread_list=0x00007faa1c005b90, length=35, elements={
0x00007faa78124000, 0x00007faa78126000, 0x00007faa7812b800, 0x00007faa7812d800,
0x00007faa7812f800, 0x00007faa7815d800, 0x00007faa781a1800, 0x00007faa781a5000,
0x00007faa781a7000, 0x00007faa786a7800, 0x00007faa786af000, 0x00007faa786c6000,
0x00007faa14002000, 0x00007faa04010800, 0x00007fa9f800d000, 0x00007faa790cc800,
0x00007faa7911c000, 0x00007fa9dc002800, 0x00007faa7911f800, 0x00007faa793c3000,
0x00007faa79b25000, 0x00007faa79b39800, 0x00007faa79b3e800, 0x00007faa79b40000,
0x00007faa79b41800, 0x00007faa79b43800, 0x00007faa79b45800, 0x00007faa79b47000,
0x00007faa79b49000, 0x00007faa79b4b000, 0x00007faa79b4d000, 0x00007faa79b4f000,
0x00007faa79b57000, 0x00007faa79b59000, 0x00007faa78019000
}

Java Threads: ( => current thread )
  0x00007faa78124000 JavaThread "Reference Handler" daemon [_thread_blocked, id=16199, stack(0x00007faa51176000,0x00007faa51277000)]
  0x00007faa78126000 JavaThread "Finalizer" daemon [_thread_blocked, id=16200, stack(0x00007faa51075000,0x00007faa51176000)]
=>0x00007faa7812b800 JavaThread "Signal Dispatcher" daemon [_thread_in_vm, id=16201, stack(0x00007faa505a4000,0x00007faa506a5000)]
  0x00007faa7812d800 JavaThread "C1 CompilerThread0" daemon [_thread_blocked, id=16202, stack(0x00007faa504a3000,0x00007faa505a4000)]
  0x00007faa7812f800 JavaThread "Sweeper thread" daemon [_thread_blocked, id=16203, stack(0x00007faa503a2000,0x00007faa504a3000)]
  0x00007faa7815d800 JavaThread "Common-Cleaner" daemon [_thread_blocked, id=16204, stack(0x00007faa502a1000,0x00007faa503a2000)]
  0x00007faa781a1800 JavaThread "JDWP Transport Listener: dt_socket" daemon [_thread_in_native, id=16206, stack(0x00007faa27eff000,0x00007faa28000000)]
  0x00007faa781a5000 JavaThread "JDWP Event Helper Thread" daemon [_thread_blocked, id=16209, stack(0x00007faa27dfe000,0x00007faa27eff000)]
  0x00007faa781a7000 JavaThread "Service Thread" daemon [_thread_blocked, id=16213, stack(0x00007faa27bfc000,0x00007faa27cfd000)]
  0x00007faa786a7800 JavaThread "RMI TCP Accept-0" daemon [_thread_in_native, id=16214, stack(0x00007faa270c5000,0x00007faa271c6000)]
  0x00007faa786af000 JavaThread "RMI TCP Accept-37941" daemon [_thread_in_native, id=16215, stack(0x00007faa26fc4000,0x00007faa270c5000)]
  0x00007faa786c6000 JavaThread "RMI TCP Accept-0" daemon [_thread_in_native, id=16216, stack(0x00007faa26ec3000,0x00007faa26fc4000)]
  0x00007faa14002000 JavaThread "RMI TCP Connection(33)-127.0.0.1" daemon [_thread_in_native, id=16221, stack(0x00007faa26bbf000,0x00007faa26cc0000)]
  0x00007faa04010800 JavaThread "RMI Scheduler(0)" daemon [_thread_blocked, id=16222, stack(0x00007faa26abe000,0x00007faa26bbf000)]
  0x00007fa9f800d000 JavaThread "JMX server connection timeout 22" daemon [_thread_blocked, id=16223, stack(0x00007faa269bd000,0x00007faa26abe000)]
  0x00007faa790cc800 JavaThread "mysql-cj-abandoned-connection-cleanup" daemon [_thread_blocked, id=16248, stack(0x00007faa265b6000,0x00007faa266b7000)]
  0x00007faa7911c000 JavaThread "Catalina-utility-1" [_thread_blocked, id=16249, stack(0x00007faa261b3000,0x00007faa262b4000)]
  0x00007fa9dc002800 JavaThread "Catalina-utility-2" [_thread_blocked, id=16251, stack(0x00007faa2478b000,0x00007faa2488c000)]
  0x00007faa7911f800 JavaThread "container-0" [_thread_blocked, id=16252, stack(0x00007faa2468a000,0x00007faa2478b000)]
  0x00007faa793c3000 JavaThread "HikariPool-1 housekeeper" daemon [_thread_blocked, id=16260, stack(0x00007fa9bfaff000,0x00007fa9bfc00000)]
  0x00007faa79b25000 JavaThread "spring.cloud.inetutils" daemon [_thread_blocked, id=16268, stack(0x00007fa9beafd000,0x00007fa9bebfe000)]
  0x00007faa79b39800 JavaThread "http-nio-8080-BlockPoller" daemon [_thread_in_native, id=16269, stack(0x00007fa9be9fc000,0x00007fa9beafd000)]
  0x00007faa79b3e800 JavaThread "http-nio-8080-exec-1" daemon [_thread_blocked, id=16271, stack(0x00007fa9be8fb000,0x00007fa9be9fc000)]
  0x00007faa79b40000 JavaThread "http-nio-8080-exec-2" daemon [_thread_blocked, id=16272, stack(0x00007fa9be7fa000,0x00007fa9be8fb000)]
  0x00007faa79b41800 JavaThread "http-nio-8080-exec-3" daemon [_thread_blocked, id=16273, stack(0x00007fa9be6f9000,0x00007fa9be7fa000)]
  0x00007faa79b43800 JavaThread "http-nio-8080-exec-4" daemon [_thread_blocked, id=16274, stack(0x00007fa9be5f8000,0x00007fa9be6f9000)]
  0x00007faa79b45800 JavaThread "http-nio-8080-exec-5" daemon [_thread_blocked, id=16275, stack(0x00007fa9be4f7000,0x00007fa9be5f8000)]
  0x00007faa79b47000 JavaThread "http-nio-8080-exec-6" daemon [_thread_blocked, id=16276, stack(0x00007fa9be3f6000,0x00007fa9be4f7000)]
  0x00007faa79b49000 JavaThread "http-nio-8080-exec-7" daemon [_thread_blocked, id=16277, stack(0x00007fa9be2f5000,0x00007fa9be3f6000)]
  0x00007faa79b4b000 JavaThread "http-nio-8080-exec-8" daemon [_thread_blocked, id=16278, stack(0x00007fa9be1f4000,0x00007fa9be2f5000)]
  0x00007faa79b4d000 JavaThread "http-nio-8080-exec-9" daemon [_thread_blocked, id=16279, stack(0x00007fa9be0f3000,0x00007fa9be1f4000)]
  0x00007faa79b4f000 JavaThread "http-nio-8080-exec-10" daemon [_thread_blocked, id=16280, stack(0x00007fa9bdff2000,0x00007fa9be0f3000)]
  0x00007faa79b57000 JavaThread "http-nio-8080-ClientPoller" daemon [_thread_in_native, id=16281, stack(0x00007fa9bdef1000,0x00007fa9bdff2000)]
  0x00007faa79b59000 JavaThread "http-nio-8080-Acceptor" daemon [_thread_in_native, id=16282, stack(0x00007fa9bddf0000,0x00007fa9bdef1000)]
  0x00007faa78019000 JavaThread "DestroyJavaVM" [_thread_blocked, id=16189, stack(0x00007faa8130b000,0x00007faa8140c000)]

Other Threads:
  0x00007faa78121000 VMThread "VM Thread" [stack: 0x00007faa51279000,0x00007faa51379000] [id=16198]
  0x00007faa786c8800 WatcherThread [stack: 0x00007faa26dc3000,0x00007faa26ec3000] [id=16218]
  0x00007faa78032000 GCTaskThread "GC Thread#0" [stack: 0x00007faa7d0bc000,0x00007faa7d1bc000] [id=16192]
  0x00007faa44001000 GCTaskThread "GC Thread#1" [stack: 0x00007faa268bd000,0x00007faa269bd000] [id=16225]
  0x00007faa44002800 GCTaskThread "GC Thread#2" [stack: 0x00007faa267bb000,0x00007faa268bb000] [id=16226]
  0x00007faa44005800 GCTaskThread "GC Thread#3" [stack: 0x00007faa262b6000,0x00007faa263b6000] [id=16229]
  0x00007faa44021000 GCTaskThread "GC Thread#4" [stack: 0x00007faa2438a000,0x00007faa2448a000] [id=16254]
  0x00007faa44022800 GCTaskThread "GC Thread#5" [stack: 0x00007faa24288000,0x00007faa24388000] [id=16255]
  0x00007faa44024000 GCTaskThread "GC Thread#6" [stack: 0x00007faa24186000,0x00007faa24286000] [id=16256]
  0x00007faa44026000 GCTaskThread "GC Thread#7" [stack: 0x00007faa24084000,0x00007faa24184000] [id=16257]
  0x00007faa78063000 ConcurrentGCThread "G1 Main Marker" [stack: 0x00007faa7c004000,0x00007faa7c104000] [id=16193]
  0x00007faa78065000 ConcurrentGCThread "G1 Conc#0" [stack: 0x00007faa60439000,0x00007faa60539000] [id=16194]
  0x00007faa54001000 ConcurrentGCThread "G1 Conc#1" [stack: 0x00007faa2528e000,0x00007faa2538e000] [id=16241]
  0x00007faa780ed800 ConcurrentGCThread "G1 Refine#0" [stack: 0x00007faa51cfe000,0x00007faa51dfe000] [id=16195]
  0x00007faa48001000 ConcurrentGCThread "G1 Refine#1" [stack: 0x00007faa266b9000,0x00007faa267b9000] [id=16227]
  0x00007faa780ef000 ConcurrentGCThread "G1 Young RemSet Sampling" [stack: 0x00007faa51bfc000,0x00007faa51cfc000] [id=16196]

Threads with active compile tasks:

VM state:not at safepoint (normal execution)

VM Mutex/Monitor currently owned by a thread: None

Heap address: 0x0000000085200000, size: 1966 MB, Compressed Oops mode: 32-bit
Narrow klass base: 0x0000000800000000, Narrow klass shift: 3
Compressed class space size: 1073741824 Address: 0x0000000840000000

Heap:
 garbage-first heap   total 155648K, used 69576K [0x0000000085200000, 0x0000000100000000)
  region size 1024K, 48 young (49152K), 10 survivors (10240K)
 Metaspace       used 59813K, capacity 61718K, committed 62000K, reserved 1101824K
  class space    used 8290K, capacity 9026K, committed 9088K, reserved 1048576K
Heap Regions: E=young(eden), S=young(survivor), O=old, HS=humongous(starts), HC=humongous(continues), CS=collection set, F=free, A=archive, TAMS=top-at-mark-start (previous, next)
|   0|0x0000000085200000, 0x0000000085300000, 0x0000000085300000|100%|HS|  |TAMS 0x0000000085300000, 0x0000000085200000| Complete 
|   1|0x0000000085300000, 0x0000000085400000, 0x0000000085400000|100%| O|  |TAMS 0x0000000085400000, 0x0000000085300000| Untracked 
|   2|0x0000000085400000, 0x0000000085500000, 0x0000000085500000|100%| O|  |TAMS 0x0000000085500000, 0x0000000085400000| Untracked 
|   3|0x0000000085500000, 0x0000000085600000, 0x0000000085600000|100%| O|  |TAMS 0x0000000085600000, 0x0000000085500000| Untracked 
|   4|0x0000000085600000, 0x0000000085700000, 0x0000000085700000|100%| O|  |TAMS 0x0000000085700000, 0x0000000085600000| Untracked 
|   5|0x0000000085700000, 0x0000000085800000, 0x0000000085800000|100%| O|  |TAMS 0x0000000085800000, 0x0000000085700000| Untracked 
|   6|0x0000000085800000, 0x0000000085900000, 0x0000000085900000|100%| O|  |TAMS 0x0000000085900000, 0x0000000085800000| Untracked 
|   7|0x0000000085900000, 0x0000000085a00000, 0x0000000085a00000|100%| O|  |TAMS 0x0000000085a00000, 0x0000000085900000| Untracked 
|   8|0x0000000085a00000, 0x0000000085b00000, 0x0000000085b00000|100%| O|  |TAMS 0x0000000085b00000, 0x0000000085a00000| Untracked 
|   9|0x0000000085b00000, 0x0000000085c00000, 0x0000000085c00000|100%| O|  |TAMS 0x0000000085c00000, 0x0000000085b00000| Untracked 
|  10|0x0000000085c00000, 0x0000000085d00000, 0x0000000085d00000|100%| O|  |TAMS 0x0000000085d00000, 0x0000000085c00000| Untracked 
|  11|0x0000000085d00000, 0x0000000085e00000, 0x0000000085e00000|100%| O|  |TAMS 0x0000000085e00000, 0x0000000085d00000| Untracked 
|  12|0x0000000085e00000, 0x0000000085f00000, 0x0000000085f00000|100%| O|  |TAMS 0x0000000085f00000, 0x0000000085e00000| Untracked 
|  13|0x0000000085f00000, 0x0000000086000000, 0x0000000086000000|100%| O|  |TAMS 0x0000000086000000, 0x0000000085f00000| Untracked 
|  14|0x0000000086000000, 0x0000000086100000, 0x0000000086100000|100%| O|  |TAMS 0x0000000086100000, 0x0000000086000000| Untracked 
|  15|0x0000000086100000, 0x0000000086200000, 0x0000000086200000|100%| O|  |TAMS 0x0000000086200000, 0x0000000086100000| Untracked 
|  16|0x0000000086200000, 0x0000000086300000, 0x0000000086300000|100%| O|  |TAMS 0x0000000086200000, 0x0000000086200000| Untracked 
|  17|0x0000000086300000, 0x0000000086400000, 0x0000000086400000|100%| O|  |TAMS 0x0000000086300000, 0x0000000086300000| Untracked 
|  18|0x0000000086400000, 0x0000000086500000, 0x0000000086500000|100%| O|  |TAMS 0x0000000086400000, 0x0000000086400000| Untracked 
|  19|0x0000000086500000, 0x0000000086600000, 0x0000000086600000|100%| O|  |TAMS 0x0000000086500000, 0x0000000086500000| Untracked 
|  20|0x0000000086600000, 0x000000008669d000, 0x0000000086700000| 61%| O|  |TAMS 0x0000000086600000, 0x0000000086600000| Untracked 
|  21|0x0000000086700000, 0x0000000086700000, 0x0000000086800000|  0%| F|  |TAMS 0x0000000086700000, 0x0000000086700000| Untracked 
|  22|0x0000000086800000, 0x0000000086800000, 0x0000000086900000|  0%| F|  |TAMS 0x0000000086800000, 0x0000000086800000| Untracked 
|  23|0x0000000086900000, 0x0000000086900000, 0x0000000086a00000|  0%| F|  |TAMS 0x0000000086900000, 0x0000000086900000| Untracked 
|  24|0x0000000086a00000, 0x0000000086a00000, 0x0000000086b00000|  0%| F|  |TAMS 0x0000000086a00000, 0x0000000086a00000| Untracked 
|  25|0x0000000086b00000, 0x0000000086b00000, 0x0000000086c00000|  0%| F|  |TAMS 0x0000000086b00000, 0x0000000086b00000| Untracked 
|  26|0x0000000086c00000, 0x0000000086c00000, 0x0000000086d00000|  0%| F|  |TAMS 0x0000000086c00000, 0x0000000086c00000| Untracked 
|  27|0x0000000086d00000, 0x0000000086d00000, 0x0000000086e00000|  0%| F|  |TAMS 0x0000000086d00000, 0x0000000086d00000| Untracked 
|  28|0x0000000086e00000, 0x0000000086e00000, 0x0000000086f00000|  0%| F|  |TAMS 0x0000000086e00000, 0x0000000086e00000| Untracked 
|  29|0x0000000086f00000, 0x0000000086f00000, 0x0000000087000000|  0%| F|  |TAMS 0x0000000086f00000, 0x0000000086f00000| Untracked 
|  30|0x0000000087000000, 0x0000000087000000, 0x0000000087100000|  0%| F|  |TAMS 0x0000000087000000, 0x0000000087000000| Untracked 
|  31|0x0000000087100000, 0x0000000087100000, 0x0000000087200000|  0%| F|  |TAMS 0x0000000087100000, 0x0000000087100000| Untracked 
|  32|0x0000000087200000, 0x0000000087200000, 0x0000000087300000|  0%| F|  |TAMS 0x0000000087200000, 0x0000000087200000| Untracked 
|  33|0x0000000087300000, 0x0000000087300000, 0x0000000087400000|  0%| F|  |TAMS 0x0000000087300000, 0x0000000087300000| Untracked 
|  34|0x0000000087400000, 0x0000000087400000, 0x0000000087500000|  0%| F|  |TAMS 0x0000000087400000, 0x0000000087400000| Untracked 
|  35|0x0000000087500000, 0x0000000087500000, 0x0000000087600000|  0%| F|  |TAMS 0x0000000087500000, 0x0000000087500000| Untracked 
|  36|0x0000000087600000, 0x0000000087600000, 0x0000000087700000|  0%| F|  |TAMS 0x0000000087600000, 0x0000000087600000| Untracked 
|  37|0x0000000087700000, 0x0000000087700000, 0x0000000087800000|  0%| F|  |TAMS 0x0000000087700000, 0x0000000087700000| Untracked 
|  38|0x0000000087800000, 0x0000000087800000, 0x0000000087900000|  0%| F|  |TAMS 0x0000000087800000, 0x0000000087800000| Untracked 
|  39|0x0000000087900000, 0x0000000087900000, 0x0000000087a00000|  0%| F|  |TAMS 0x0000000087900000, 0x0000000087900000| Untracked 
|  40|0x0000000087a00000, 0x0000000087a00000, 0x0000000087b00000|  0%| F|  |TAMS 0x0000000087a00000, 0x0000000087a00000| Untracked 
|  41|0x0000000087b00000, 0x0000000087b00000, 0x0000000087c00000|  0%| F|  |TAMS 0x0000000087b00000, 0x0000000087b00000| Untracked 
|  42|0x0000000087c00000, 0x0000000087c00000, 0x0000000087d00000|  0%| F|  |TAMS 0x0000000087c00000, 0x0000000087c00000| Untracked 
|  43|0x0000000087d00000, 0x0000000087d00000, 0x0000000087e00000|  0%| F|  |TAMS 0x0000000087d00000, 0x0000000087d00000| Untracked 
|  44|0x0000000087e00000, 0x0000000087e00000, 0x0000000087f00000|  0%| F|  |TAMS 0x0000000087e00000, 0x0000000087e00000| Untracked 
|  45|0x0000000087f00000, 0x0000000087f00000, 0x0000000088000000|  0%| F|  |TAMS 0x0000000087f00000, 0x0000000087f00000| Untracked 
|  46|0x0000000088000000, 0x0000000088000000, 0x0000000088100000|  0%| F|  |TAMS 0x0000000088000000, 0x0000000088000000| Untracked 
|  47|0x0000000088100000, 0x0000000088100000, 0x0000000088200000|  0%| F|  |TAMS 0x0000000088100000, 0x0000000088100000| Untracked 
|  48|0x0000000088200000, 0x0000000088200000, 0x0000000088300000|  0%| F|  |TAMS 0x0000000088200000, 0x0000000088200000| Untracked 
|  49|0x0000000088300000, 0x0000000088300000, 0x0000000088400000|  0%| F|  |TAMS 0x0000000088300000, 0x0000000088300000| Untracked 
|  50|0x0000000088400000, 0x0000000088400000, 0x0000000088500000|  0%| F|  |TAMS 0x0000000088400000, 0x0000000088400000| Untracked 
|  51|0x0000000088500000, 0x0000000088500000, 0x0000000088600000|  0%| F|  |TAMS 0x0000000088500000, 0x0000000088500000| Untracked 
|  52|0x0000000088600000, 0x0000000088600000, 0x0000000088700000|  0%| F|  |TAMS 0x0000000088600000, 0x0000000088600000| Untracked 
|  53|0x0000000088700000, 0x0000000088700000, 0x0000000088800000|  0%| F|  |TAMS 0x0000000088700000, 0x0000000088700000| Untracked 
|  54|0x0000000088800000, 0x0000000088800000, 0x0000000088900000|  0%| F|  |TAMS 0x0000000088800000, 0x0000000088800000| Untracked 
|  55|0x0000000088900000, 0x0000000088900000, 0x0000000088a00000|  0%| F|  |TAMS 0x0000000088900000, 0x0000000088900000| Untracked 
|  56|0x0000000088a00000, 0x0000000088a00000, 0x0000000088b00000|  0%| F|  |TAMS 0x0000000088a00000, 0x0000000088a00000| Untracked 
|  57|0x0000000088b00000, 0x0000000088b00000, 0x0000000088c00000|  0%| F|  |TAMS 0x0000000088b00000, 0x0000000088b00000| Untracked 
|  58|0x0000000088c00000, 0x0000000088c00000, 0x0000000088d00000|  0%| F|  |TAMS 0x0000000088c00000, 0x0000000088c00000| Untracked 
|  59|0x0000000088d00000, 0x0000000088d00000, 0x0000000088e00000|  0%| F|  |TAMS 0x0000000088d00000, 0x0000000088d00000| Untracked 
|  60|0x0000000088e00000, 0x0000000088ea4340, 0x0000000088f00000| 64%| S|CS|TAMS 0x0000000088e00000, 0x0000000088e00000| Complete 
|  61|0x0000000088f00000, 0x0000000089000000, 0x0000000089000000|100%| S|CS|TAMS 0x0000000088f00000, 0x0000000088f00000| Complete 
|  62|0x0000000089000000, 0x0000000089100000, 0x0000000089100000|100%| S|CS|TAMS 0x0000000089000000, 0x0000000089000000| Complete 
|  63|0x0000000089100000, 0x0000000089200000, 0x0000000089200000|100%| S|CS|TAMS 0x0000000089100000, 0x0000000089100000| Complete 
|  64|0x0000000089200000, 0x0000000089300000, 0x0000000089300000|100%| S|CS|TAMS 0x0000000089200000, 0x0000000089200000| Complete 
|  65|0x0000000089300000, 0x0000000089400000, 0x0000000089400000|100%| S|CS|TAMS 0x0000000089300000, 0x0000000089300000| Complete 
|  66|0x0000000089400000, 0x0000000089500000, 0x0000000089500000|100%| S|CS|TAMS 0x0000000089400000, 0x0000000089400000| Complete 
|  67|0x0000000089500000, 0x0000000089600000, 0x0000000089600000|100%| S|CS|TAMS 0x0000000089500000, 0x0000000089500000| Complete 
|  68|0x0000000089600000, 0x0000000089700000, 0x0000000089700000|100%| S|CS|TAMS 0x0000000089600000, 0x0000000089600000| Complete 
|  69|0x0000000089700000, 0x0000000089800000, 0x0000000089800000|100%| S|CS|TAMS 0x0000000089700000, 0x0000000089700000| Complete 
|  70|0x0000000089800000, 0x0000000089800000, 0x0000000089900000|  0%| F|  |TAMS 0x0000000089800000, 0x0000000089800000| Untracked 
|  71|0x0000000089900000, 0x0000000089900000, 0x0000000089a00000|  0%| F|  |TAMS 0x0000000089900000, 0x0000000089900000| Untracked 
|  72|0x0000000089a00000, 0x0000000089a00000, 0x0000000089b00000|  0%| F|  |TAMS 0x0000000089a00000, 0x0000000089a00000| Untracked 
|  73|0x0000000089b00000, 0x0000000089b00000, 0x0000000089c00000|  0%| F|  |TAMS 0x0000000089b00000, 0x0000000089b00000| Untracked 
|  74|0x0000000089c00000, 0x0000000089c00000, 0x0000000089d00000|  0%| F|  |TAMS 0x0000000089c00000, 0x0000000089c00000| Untracked 
|  75|0x0000000089d00000, 0x0000000089d00000, 0x0000000089e00000|  0%| F|  |TAMS 0x0000000089d00000, 0x0000000089d00000| Untracked 
|  76|0x0000000089e00000, 0x0000000089e00000, 0x0000000089f00000|  0%| F|  |TAMS 0x0000000089e00000, 0x0000000089e00000| Untracked 
|  77|0x0000000089f00000, 0x0000000089f00000, 0x000000008a000000|  0%| F|  |TAMS 0x0000000089f00000, 0x0000000089f00000| Untracked 
|  78|0x000000008a000000, 0x000000008a000000, 0x000000008a100000|  0%| F|  |TAMS 0x000000008a000000, 0x000000008a000000| Untracked 
|  79|0x000000008a100000, 0x000000008a100000, 0x000000008a200000|  0%| F|  |TAMS 0x000000008a100000, 0x000000008a100000| Untracked 
|  80|0x000000008a200000, 0x000000008a200000, 0x000000008a300000|  0%| F|  |TAMS 0x000000008a200000, 0x000000008a200000| Untracked 
|  81|0x000000008a300000, 0x000000008a300000, 0x000000008a400000|  0%| F|  |TAMS 0x000000008a300000, 0x000000008a300000| Untracked 
|  82|0x000000008a400000, 0x000000008a400000, 0x000000008a500000|  0%| F|  |TAMS 0x000000008a400000, 0x000000008a400000| Untracked 
|  83|0x000000008a500000, 0x000000008a500000, 0x000000008a600000|  0%| F|  |TAMS 0x000000008a500000, 0x000000008a500000| Untracked 
|  84|0x000000008a600000, 0x000000008a600000, 0x000000008a700000|  0%| F|  |TAMS 0x000000008a600000, 0x000000008a600000| Untracked 
|  85|0x000000008a700000, 0x000000008a700000, 0x000000008a800000|  0%| F|  |TAMS 0x000000008a700000, 0x000000008a700000| Untracked 
|  86|0x000000008a800000, 0x000000008a800000, 0x000000008a900000|  0%| F|  |TAMS 0x000000008a800000, 0x000000008a800000| Untracked 
|  87|0x000000008a900000, 0x000000008a900000, 0x000000008aa00000|  0%| F|  |TAMS 0x000000008a900000, 0x000000008a900000| Untracked 
|  88|0x000000008aa00000, 0x000000008aa00000, 0x000000008ab00000|  0%| F|  |TAMS 0x000000008aa00000, 0x000000008aa00000| Untracked 
|  89|0x000000008ab00000, 0x000000008ab00000, 0x000000008ac00000|  0%| F|  |TAMS 0x000000008ab00000, 0x000000008ab00000| Untracked 
|  90|0x000000008ac00000, 0x000000008ac00000, 0x000000008ad00000|  0%| F|  |TAMS 0x000000008ac00000, 0x000000008ac00000| Untracked 
|  91|0x000000008ad00000, 0x000000008ad00000, 0x000000008ae00000|  0%| F|  |TAMS 0x000000008ad00000, 0x000000008ad00000| Untracked 
|  92|0x000000008ae00000, 0x000000008ae00000, 0x000000008af00000|  0%| F|  |TAMS 0x000000008ae00000, 0x000000008ae00000| Untracked 
|  93|0x000000008af00000, 0x000000008af00000, 0x000000008b000000|  0%| F|  |TAMS 0x000000008af00000, 0x000000008af00000| Untracked 
|  94|0x000000008b000000, 0x000000008b000000, 0x000000008b100000|  0%| F|  |TAMS 0x000000008b000000, 0x000000008b000000| Untracked 
|  95|0x000000008b100000, 0x000000008b100000, 0x000000008b200000|  0%| F|  |TAMS 0x000000008b100000, 0x000000008b100000| Untracked 
|  96|0x000000008b200000, 0x000000008b200000, 0x000000008b300000|  0%| F|  |TAMS 0x000000008b200000, 0x000000008b200000| Untracked 
|  97|0x000000008b300000, 0x000000008b300000, 0x000000008b400000|  0%| F|  |TAMS 0x000000008b300000, 0x000000008b300000| Untracked 
|  98|0x000000008b400000, 0x000000008b400000, 0x000000008b500000|  0%| F|  |TAMS 0x000000008b400000, 0x000000008b400000| Untracked 
|  99|0x000000008b500000, 0x000000008b500000, 0x000000008b600000|  0%| F|  |TAMS 0x000000008b500000, 0x000000008b500000| Untracked 
| 100|0x000000008b600000, 0x000000008b600000, 0x000000008b700000|  0%| F|  |TAMS 0x000000008b600000, 0x000000008b600000| Untracked 
| 101|0x000000008b700000, 0x000000008b700000, 0x000000008b800000|  0%| F|  |TAMS 0x000000008b700000, 0x000000008b700000| Untracked 
| 102|0x000000008b800000, 0x000000008b800000, 0x000000008b900000|  0%| F|  |TAMS 0x000000008b800000, 0x000000008b800000| Untracked 
| 103|0x000000008b900000, 0x000000008b900000, 0x000000008ba00000|  0%| F|  |TAMS 0x000000008b900000, 0x000000008b900000| Untracked 
| 104|0x000000008ba00000, 0x000000008ba00000, 0x000000008bb00000|  0%| F|  |TAMS 0x000000008ba00000, 0x000000008ba00000| Untracked 
| 105|0x000000008bb00000, 0x000000008bb00000, 0x000000008bc00000|  0%| F|  |TAMS 0x000000008bb00000, 0x000000008bb00000| Untracked 
| 106|0x000000008bc00000, 0x000000008bc00000, 0x000000008bd00000|  0%| F|  |TAMS 0x000000008bc00000, 0x000000008bc00000| Untracked 
| 107|0x000000008bd00000, 0x000000008bd00000, 0x000000008be00000|  0%| F|  |TAMS 0x000000008bd00000, 0x000000008bd00000| Untracked 
| 108|0x000000008be00000, 0x000000008be00000, 0x000000008bf00000|  0%| F|  |TAMS 0x000000008be00000, 0x000000008be00000| Untracked 
| 109|0x000000008bf00000, 0x000000008bf00000, 0x000000008c000000|  0%| F|  |TAMS 0x000000008bf00000, 0x000000008bf00000| Untracked 
| 110|0x000000008c000000, 0x000000008c000000, 0x000000008c100000|  0%| F|  |TAMS 0x000000008c000000, 0x000000008c000000| Untracked 
| 111|0x000000008c100000, 0x000000008c100000, 0x000000008c200000|  0%| F|  |TAMS 0x000000008c100000, 0x000000008c100000| Untracked 
| 112|0x000000008c200000, 0x000000008c2927d8, 0x000000008c300000| 57%| E|  |TAMS 0x000000008c200000, 0x000000008c200000| Complete 
| 113|0x000000008c300000, 0x000000008c400000, 0x000000008c400000|100%| E|CS|TAMS 0x000000008c300000, 0x000000008c300000| Complete 
| 114|0x000000008c400000, 0x000000008c500000, 0x000000008c500000|100%| E|CS|TAMS 0x000000008c400000, 0x000000008c400000| Complete 
| 115|0x000000008c500000, 0x000000008c600000, 0x000000008c600000|100%| E|CS|TAMS 0x000000008c500000, 0x000000008c500000| Complete 
| 116|0x000000008c600000, 0x000000008c700000, 0x000000008c700000|100%| E|CS|TAMS 0x000000008c600000, 0x000000008c600000| Complete 
| 117|0x000000008c700000, 0x000000008c800000, 0x000000008c800000|100%| E|CS|TAMS 0x000000008c700000, 0x000000008c700000| Complete 
| 118|0x000000008c800000, 0x000000008c900000, 0x000000008c900000|100%| E|CS|TAMS 0x000000008c800000, 0x000000008c800000| Complete 
| 119|0x000000008c900000, 0x000000008ca00000, 0x000000008ca00000|100%| E|CS|TAMS 0x000000008c900000, 0x000000008c900000| Complete 
| 120|0x000000008ca00000, 0x000000008cb00000, 0x000000008cb00000|100%| E|CS|TAMS 0x000000008ca00000, 0x000000008ca00000| Complete 
| 121|0x000000008cb00000, 0x000000008cc00000, 0x000000008cc00000|100%| E|CS|TAMS 0x000000008cb00000, 0x000000008cb00000| Complete 
| 122|0x000000008cc00000, 0x000000008cd00000, 0x000000008cd00000|100%| E|CS|TAMS 0x000000008cc00000, 0x000000008cc00000| Complete 
| 123|0x000000008cd00000, 0x000000008ce00000, 0x000000008ce00000|100%| E|CS|TAMS 0x000000008cd00000, 0x000000008cd00000| Complete 
| 124|0x000000008ce00000, 0x000000008cf00000, 0x000000008cf00000|100%| E|CS|TAMS 0x000000008ce00000, 0x000000008ce00000| Complete 
| 125|0x000000008cf00000, 0x000000008d000000, 0x000000008d000000|100%| E|CS|TAMS 0x000000008cf00000, 0x000000008cf00000| Complete 
| 126|0x000000008d000000, 0x000000008d100000, 0x000000008d100000|100%| E|CS|TAMS 0x000000008d000000, 0x000000008d000000| Complete 
| 127|0x000000008d100000, 0x000000008d200000, 0x000000008d200000|100%| E|CS|TAMS 0x000000008d100000, 0x000000008d100000| Complete 
| 128|0x000000008d200000, 0x000000008d300000, 0x000000008d300000|100%| E|CS|TAMS 0x000000008d200000, 0x000000008d200000| Complete 
| 129|0x000000008d300000, 0x000000008d400000, 0x000000008d400000|100%| E|CS|TAMS 0x000000008d300000, 0x000000008d300000| Complete 
| 130|0x000000008d400000, 0x000000008d500000, 0x000000008d500000|100%| E|CS|TAMS 0x000000008d400000, 0x000000008d400000| Complete 
| 131|0x000000008d500000, 0x000000008d600000, 0x000000008d600000|100%| E|CS|TAMS 0x000000008d500000, 0x000000008d500000| Complete 
| 132|0x000000008d600000, 0x000000008d700000, 0x000000008d700000|100%| E|CS|TAMS 0x000000008d600000, 0x000000008d600000| Complete 
| 133|0x000000008d700000, 0x000000008d800000, 0x000000008d800000|100%| E|CS|TAMS 0x000000008d700000, 0x000000008d700000| Complete 
| 134|0x000000008d800000, 0x000000008d900000, 0x000000008d900000|100%| E|CS|TAMS 0x000000008d800000, 0x000000008d800000| Complete 
| 135|0x000000008d900000, 0x000000008da00000, 0x000000008da00000|100%| E|CS|TAMS 0x000000008d900000, 0x000000008d900000| Complete 
| 136|0x000000008da00000, 0x000000008db00000, 0x000000008db00000|100%| E|CS|TAMS 0x000000008da00000, 0x000000008da00000| Complete 
| 137|0x000000008db00000, 0x000000008dc00000, 0x000000008dc00000|100%| E|CS|TAMS 0x000000008db00000, 0x000000008db00000| Complete 
| 138|0x000000008dc00000, 0x000000008dd00000, 0x000000008dd00000|100%| E|CS|TAMS 0x000000008dc00000, 0x000000008dc00000| Complete 
| 139|0x000000008dd00000, 0x000000008de00000, 0x000000008de00000|100%| E|CS|TAMS 0x000000008dd00000, 0x000000008dd00000| Complete 
| 140|0x000000008de00000, 0x000000008df00000, 0x000000008df00000|100%| E|CS|TAMS 0x000000008de00000, 0x000000008de00000| Complete 
| 141|0x000000008df00000, 0x000000008e000000, 0x000000008e000000|100%| E|CS|TAMS 0x000000008df00000, 0x000000008df00000| Complete 
| 142|0x000000008e000000, 0x000000008e100000, 0x000000008e100000|100%| E|CS|TAMS 0x000000008e000000, 0x000000008e000000| Complete 
| 143|0x000000008e100000, 0x000000008e200000, 0x000000008e200000|100%| E|CS|TAMS 0x000000008e100000, 0x000000008e100000| Complete 
| 144|0x000000008e200000, 0x000000008e300000, 0x000000008e300000|100%| E|CS|TAMS 0x000000008e200000, 0x000000008e200000| Complete 
| 145|0x000000008e300000, 0x000000008e400000, 0x000000008e400000|100%| E|CS|TAMS 0x000000008e300000, 0x000000008e300000| Complete 
| 146|0x000000008e400000, 0x000000008e500000, 0x000000008e500000|100%| E|CS|TAMS 0x000000008e400000, 0x000000008e400000| Complete 
| 147|0x000000008e500000, 0x000000008e600000, 0x000000008e600000|100%| E|CS|TAMS 0x000000008e500000, 0x000000008e500000| Complete 
| 148|0x000000008e600000, 0x000000008e700000, 0x000000008e700000|100%| E|CS|TAMS 0x000000008e600000, 0x000000008e600000| Complete 
| 149|0x000000008e700000, 0x000000008e800000, 0x000000008e800000|100%| E|CS|TAMS 0x000000008e700000, 0x000000008e700000| Complete 
|1964|0x00000000ffe00000, 0x00000000ffe47000, 0x00000000fff00000| 27%|OA|  |TAMS 0x00000000ffe47000, 0x00000000ffe00000| Untracked 
|1965|0x00000000fff00000, 0x00000000fff6a000, 0x0000000100000000| 41%|CA|  |TAMS 0x00000000fff6a000, 0x00000000fff00000| Untracked 

Card table byte_map: [0x00007faa7c104000,0x00007faa7c4db000] _byte_map_base: 0x00007faa7bcdb000

Marking Bits (Prev, Next): (CMBitMap*) 0x00007faa7805a530, (CMBitMap*) 0x00007faa7805a4f8
 Prev Bits: [0x00007faa58290000, 0x00007faa5a148000)
 Next Bits: [0x00007faa5a148000, 0x00007faa5c000000)

Polling page: 0x00007faa81425000

Metaspace:

Usage:
  Non-class:     51.46 MB capacity,    50.32 MB ( 98%) used,   941.45 KB (  2%) free+waste,   227.44 KB ( <1%) overhead. 
      Class:      8.81 MB capacity,     8.10 MB ( 92%) used,   624.09 KB (  7%) free+waste,   111.19 KB (  1%) overhead. 
       Both:     60.27 MB capacity,    58.41 MB ( 97%) used,     1.53 MB (  3%) free+waste,   338.62 KB ( <1%) overhead. 

Virtual space:
  Non-class space:       52.00 MB reserved,      51.67 MB (>99%) committed 
      Class space:        1.00 GB reserved,       8.88 MB ( <1%) committed 
             Both:        1.05 GB reserved,      60.55 MB (  6%) committed 

Chunk freelists:
   Non-Class:  68.00 KB
       Class:  0 bytes
        Both:  68.00 KB

MaxMetaspaceSize: unlimited
CompressedClassSpaceSize: 1.00 GB

CodeHeap 'non-profiled nmethods': size=238384Kb used=10437Kb max_used=10541Kb free=227946Kb
 bounds [0x00007faa61044000, 0x00007faa61a94000, 0x00007faa6f910000]
CodeHeap 'non-nmethods': size=7376Kb used=1315Kb max_used=1315Kb free=6060Kb
 bounds [0x00007faa60910000, 0x00007faa60b80000, 0x00007faa61044000]
 total_blobs=6616 nmethods=5877 adapters=557
 compilation: enabled
              stopped_count=0, restarted_count=0
 full_count=0

Compilation events (20 events):
Event: 1279.749 Thread 0x00007faa7812d800 5966   !   1       com.mysql.cj.jdbc.AbandonedConnectionCleanupThread::checkThreadContextClassLoader (20 bytes)
Event: 1279.751 Thread 0x00007faa7812d800 nmethod 5966 0x00007faa61489e90 code [0x00007faa6148a0a0, 0x00007faa6148a498]
Event: 1284.899 Thread 0x00007faa7812d800 5967       1       org.apache.catalina.core.StandardWrapper::backgroundProcess (38 bytes)
Event: 1284.900 Thread 0x00007faa7812d800 nmethod 5967 0x00007faa613dae90 code [0x00007faa613db060, 0x00007faa613db2d8]
Event: 1321.798 Thread 0x00007faa7812d800 5968       1       sun.rmi.runtime.Log$LoggerLog::log (39 bytes)
Event: 1321.799 Thread 0x00007faa7812d800 nmethod 5968 0x00007faa614a8890 code [0x00007faa614a8ac0, 0x00007faa614a9108]
Event: 1344.901 Thread 0x00007faa7812d800 5969       1       java.util.concurrent.ConcurrentHashMap::size (31 bytes)
Event: 1344.902 Thread 0x00007faa7812d800 nmethod 5969 0x00007faa613c6390 code [0x00007faa613c6540, 0x00007faa613c66e8]
Event: 1441.801 Thread 0x00007faa7812d800 5970       1       java.net.Socket::getImpl (17 bytes)
Event: 1441.801 Thread 0x00007faa7812d800 nmethod 5970 0x00007faa613e0b10 code [0x00007faa613e0cc0, 0x00007faa613e0e48]
Event: 1468.175 Thread 0x00007faa7812d800 5971       1       java.util.concurrent.locks.AbstractQueuedSynchronizer::shouldParkAfterFailedAcquire (50 bytes)
Event: 1468.176 Thread 0x00007faa7812d800 nmethod 5971 0x00007faa614a7e90 code [0x00007faa614a80a0, 0x00007faa614a8528]
Event: 1501.806 Thread 0x00007faa7812d800 5972       1       java.io.Bits::getInt (43 bytes)
Event: 1501.806 Thread 0x00007faa7812d800 nmethod 5972 0x00007faa613e0690 code [0x00007faa613e0840, 0x00007faa613e09f0]
Event: 1511.514 Thread 0x00007faa7812d800 5973       1       java.io.ObjectInputStream$PeekInputStream::getBytesRead (5 bytes)
Event: 1511.515 Thread 0x00007faa7812d800 nmethod 5973 0x00007faa61409210 code [0x00007faa614093c0, 0x00007faa614094f0]
Event: 1511.515 Thread 0x00007faa7812d800 5974       1       java.io.ObjectInputStream$FilterValues::depth (5 bytes)
Event: 1511.515 Thread 0x00007faa7812d800 nmethod 5974 0x00007faa61446590 code [0x00007faa61446740, 0x00007faa61446870]
Event: 1511.515 Thread 0x00007faa7812d800 5975       1       java.io.ObjectInputStream$FilterValues::serialClass (5 bytes)
Event: 1511.515 Thread 0x00007faa7812d800 nmethod 5975 0x00007faa61446210 code [0x00007faa614463c0, 0x00007faa614464f0]

GC Heap History (20 events):
Event: 1.726 GC heap before
{Heap before GC invocations=0 (full 0):
 garbage-first heap   total 129024K, used 25284K [0x0000000085200000, 0x0000000100000000)
  region size 1024K, 24 young (24576K), 0 survivors (0K)
 Metaspace       used 6596K, capacity 7025K, committed 7168K, reserved 1056768K
  class space    used 841K, capacity 1002K, committed 1024K, reserved 1048576K
}
Event: 1.735 GC heap after
{Heap after GC invocations=1 (full 0):
 garbage-first heap   total 129024K, used 9450K [0x0000000085200000, 0x0000000100000000)
  region size 1024K, 3 young (3072K), 3 survivors (3072K)
 Metaspace       used 6596K, capacity 7025K, committed 7168K, reserved 1056768K
  class space    used 841K, capacity 1002K, committed 1024K, reserved 1048576K
}
Event: 1.903 GC heap before
{Heap before GC invocations=1 (full 0):
 garbage-first heap   total 129024K, used 28906K [0x0000000085200000, 0x0000000100000000)
  region size 1024K, 23 young (23552K), 3 survivors (3072K)
 Metaspace       used 9875K, capacity 10420K, committed 10752K, reserved 1058816K
  class space    used 1279K, capacity 1478K, committed 1536K, reserved 1048576K
}
Event: 1.911 GC heap after
{Heap after GC invocations=2 (full 0):
 garbage-first heap   total 129024K, used 10671K [0x0000000085200000, 0x0000000100000000)
  region size 1024K, 2 young (2048K), 2 survivors (2048K)
 Metaspace       used 9875K, capacity 10420K, committed 10752K, reserved 1058816K
  class space    used 1279K, capacity 1478K, committed 1536K, reserved 1048576K
}
Event: 2.688 GC heap before
{Heap before GC invocations=2 (full 0):
 garbage-first heap   total 129024K, used 58799K [0x0000000085200000, 0x0000000100000000)
  region size 1024K, 50 young (51200K), 2 survivors (2048K)
 Metaspace       used 16609K, capacity 17426K, committed 17792K, reserved 1064960K
  class space    used 2264K, capacity 2581K, committed 2688K, reserved 1048576K
}
Event: 2.694 GC heap after
{Heap after GC invocations=3 (full 0):
 garbage-first heap   total 129024K, used 12113K [0x0000000085200000, 0x0000000100000000)
  region size 1024K, 3 young (3072K), 3 survivors (3072K)
 Metaspace       used 16609K, capacity 17426K, committed 17792K, reserved 1064960K
  class space    used 2264K, capacity 2581K, committed 2688K, reserved 1048576K
}
Event: 3.031 GC heap before
{Heap before GC invocations=3 (full 0):
 garbage-first heap   total 129024K, used 83793K [0x0000000085200000, 0x0000000100000000)
  region size 1024K, 74 young (75776K), 3 survivors (3072K)
 Metaspace       used 19145K, capacity 20004K, committed 20352K, reserved 1067008K
  class space    used 2614K, capacity 2928K, committed 2944K, reserved 1048576K
}
Event: 3.036 GC heap after
{Heap after GC invocations=4 (full 0):
 garbage-first heap   total 129024K, used 13613K [0x0000000085200000, 0x0000000100000000)
  region size 1024K, 4 young (4096K), 4 survivors (4096K)
 Metaspace       used 19145K, capacity 20004K, committed 20352K, reserved 1067008K
  class space    used 2614K, capacity 2928K, committed 2944K, reserved 1048576K
}
Event: 3.226 GC heap before
{Heap before GC invocations=4 (full 0):
 garbage-first heap   total 129024K, used 71981K [0x0000000085200000, 0x0000000100000000)
  region size 1024K, 63 young (64512K), 4 survivors (4096K)
 Metaspace       used 20256K, capacity 21177K, committed 21296K, reserved 1067008K
  class space    used 2771K, capacity 3142K, committed 3200K, reserved 1048576K
}
Event: 3.234 GC heap after
{Heap after GC invocations=5 (full 0):
 garbage-first heap   total 129024K, used 14871K [0x0000000085200000, 0x0000000100000000)
  region size 1024K, 6 young (6144K), 6 survivors (6144K)
 Metaspace       used 20256K, capacity 21177K, committed 21296K, reserved 1067008K
  class space    used 2771K, capacity 3142K, committed 3200K, reserved 1048576K
}
Event: 3.858 GC heap before
{Heap before GC invocations=6 (full 0):
 garbage-first heap   total 129024K, used 84503K [0x0000000085200000, 0x0000000100000000)
  region size 1024K, 74 young (75776K), 6 survivors (6144K)
 Metaspace       used 24453K, capacity 25497K, committed 25776K, reserved 1071104K
  class space    used 3416K, capacity 3825K, committed 3840K, reserved 1048576K
}
Event: 3.872 GC heap after
{Heap after GC invocations=7 (full 0):
 garbage-first heap   total 129024K, used 17597K [0x0000000085200000, 0x0000000100000000)
  region size 1024K, 8 young (8192K), 8 survivors (8192K)
 Metaspace       used 24453K, capacity 25497K, committed 25776K, reserved 1071104K
  class space    used 3416K, capacity 3825K, committed 3840K, reserved 1048576K
}
Event: 4.319 GC heap before
{Heap before GC invocations=7 (full 0):
 garbage-first heap   total 129024K, used 84157K [0x0000000085200000, 0x0000000100000000)
  region size 1024K, 74 young (75776K), 8 survivors (8192K)
 Metaspace       used 28065K, capacity 29325K, committed 29616K, reserved 1075200K
  class space    used 3870K, capacity 4326K, committed 4352K, reserved 1048576K
}
Event: 4.332 GC heap after
{Heap after GC invocations=8 (full 0):
 garbage-first heap   total 155648K, used 20040K [0x0000000085200000, 0x0000000100000000)
  region size 1024K, 7 young (7168K), 7 survivors (7168K)
 Metaspace       used 28065K, capacity 29325K, committed 29616K, reserved 1075200K
  class space    used 3870K, capacity 4326K, committed 4352K, reserved 1048576K
}
Event: 5.009 GC heap before
{Heap before GC invocations=8 (full 0):
 garbage-first heap   total 155648K, used 76360K [0x0000000085200000, 0x0000000100000000)
  region size 1024K, 63 young (64512K), 7 survivors (7168K)
 Metaspace       used 34374K, capacity 35669K, committed 35888K, reserved 1079296K
  class space    used 4849K, capacity 5419K, committed 5504K, reserved 1048576K
}
Event: 5.016 GC heap after
{Heap after GC invocations=9 (full 0):
 garbage-first heap   total 155648K, used 22482K [0x0000000085200000, 0x0000000100000000)
  region size 1024K, 8 young (8192K), 8 survivors (8192K)
 Metaspace       used 34374K, capacity 35669K, committed 35888K, reserved 1079296K
  class space    used 4849K, capacity 5419K, committed 5504K, reserved 1048576K
}
Event: 10.166 GC heap before
{Heap before GC invocations=10 (full 0):
 garbage-first heap   total 155648K, used 107474K [0x0000000085200000, 0x0000000100000000)
  region size 1024K, 91 young (93184K), 8 survivors (8192K)
 Metaspace       used 48918K, capacity 50514K, committed 50736K, reserved 1093632K
  class space    used 6840K, capacity 7501K, committed 7552K, reserved 1048576K
}
Event: 10.182 GC heap after
{Heap after GC invocations=11 (full 0):
 garbage-first heap   total 155648K, used 28243K [0x0000000085200000, 0x0000000100000000)
  region size 1024K, 11 young (11264K), 11 survivors (11264K)
 Metaspace       used 48918K, capacity 50514K, committed 50736K, reserved 1093632K
  class space    used 6840K, capacity 7501K, committed 7552K, reserved 1048576K
}
Event: 11.133 GC heap before
{Heap before GC invocations=12 (full 0):
 garbage-first heap   total 155648K, used 110163K [0x0000000085200000, 0x0000000100000000)
  region size 1024K, 91 young (93184K), 11 survivors (11264K)
 Metaspace       used 54155K, capacity 55951K, committed 56240K, reserved 1097728K
  class space    used 7643K, capacity 8365K, committed 8448K, reserved 1048576K
}
Event: 11.160 GC heap after
{Heap after GC invocations=13 (full 0):
 garbage-first heap   total 155648K, used 31688K [0x0000000085200000, 0x0000000100000000)
  region size 1024K, 10 young (10240K), 10 survivors (10240K)
 Metaspace       used 54155K, capacity 55951K, committed 56240K, reserved 1097728K
  class space    used 7643K, capacity 8365K, committed 8448K, reserved 1048576K
}

Deoptimization events (20 events):
Event: 503.137 Thread 0x00007faa79b47000 DEOPT PACKING pc=0x00007faa6191c92c sp=0x00007fa9be4f1870
Event: 503.137 Thread 0x00007faa79b47000 DEOPT UNPACKING pc=0x00007faa6094903a sp=0x00007fa9be4f0f20 mode 1
Event: 503.144 Thread 0x00007faa79b47000 DEOPT PACKING pc=0x00007faa6191c92c sp=0x00007fa9be4f1870
Event: 503.144 Thread 0x00007faa79b47000 DEOPT UNPACKING pc=0x00007faa6094903a sp=0x00007fa9be4f0f20 mode 1
Event: 513.839 Thread 0x00007faa79b47000 DEOPT PACKING pc=0x00007faa6140a834 sp=0x00007fa9be4f29c0
Event: 513.839 Thread 0x00007faa79b47000 DEOPT UNPACKING pc=0x00007faa6094903a sp=0x00007fa9be4f1f58 mode 0
Event: 513.839 Thread 0x00007faa79b47000 DEOPT PACKING pc=0x00007faa6140a03c sp=0x00007fa9be4f2af0
Event: 513.839 Thread 0x00007faa79b47000 DEOPT UNPACKING pc=0x00007faa6094903a sp=0x00007fa9be4f1fb0 mode 0
Event: 513.839 Thread 0x00007faa79b47000 DEOPT PACKING pc=0x00007faa614149a4 sp=0x00007fa9be4f2b40
Event: 513.839 Thread 0x00007faa79b47000 DEOPT UNPACKING pc=0x00007faa6094903a sp=0x00007fa9be4f2050 mode 0
Event: 573.905 Thread 0x00007faa79b57000 DEOPT PACKING pc=0x00007faa61a68029 sp=0x00007fa9bdff0740
Event: 573.905 Thread 0x00007faa79b57000 DEOPT UNPACKING pc=0x00007faa6094903a sp=0x00007fa9bdfefcd0 mode 3
Event: 1123.945 Thread 0x00007faa79b45800 DEOPT PACKING pc=0x00007faa61a24b04 sp=0x00007fa9be5f43a0
Event: 1123.945 Thread 0x00007faa79b45800 DEOPT UNPACKING pc=0x00007faa6094903a sp=0x00007fa9be5f38b8 mode 1
Event: 1123.974 Thread 0x00007faa79b45800 DEOPT PACKING pc=0x00007faa61a24244 sp=0x00007fa9be5f4500
Event: 1123.974 Thread 0x00007faa79b45800 DEOPT UNPACKING pc=0x00007faa6094903a sp=0x00007fa9be5f39d8 mode 1
Event: 1123.974 Thread 0x00007faa79b45800 DEOPT PACKING pc=0x00007faa6143cc1c sp=0x00007fa9be5f4570
Event: 1123.974 Thread 0x00007faa79b45800 DEOPT UNPACKING pc=0x00007faa6094903a sp=0x00007fa9be5f3a98 mode 1
Event: 1123.975 Thread 0x00007faa79b45800 DEOPT PACKING pc=0x00007faa611b4de4 sp=0x00007fa9be5f4630
Event: 1123.975 Thread 0x00007faa79b45800 DEOPT UNPACKING pc=0x00007faa6094903a sp=0x00007fa9be5f3b38 mode 1

Classes redefined (19 events):
Event: 1499.202 Thread 0x00007faa78121000 redefined class name=com.uca.categorymgr.services.ProductService, count=1
Event: 1508.361 Thread 0x00007faa78121000 redefined class name=com.uca.categorymgr.entities.Product, count=1
Event: 1508.384 Thread 0x00007faa78121000 redefined class name=com.uca.categorymgr.apis.ProductController, count=1
Event: 1508.409 Thread 0x00007faa78121000 redefined class name=com.uca.categorymgr.RestServiceApplication, count=1
Event: 1508.436 Thread 0x00007faa78121000 redefined class name=com.uca.categorymgr.configs.BeanConfigs, count=1
Event: 1508.458 Thread 0x00007faa78121000 redefined class name=com.uca.categorymgr.configs.ResourceServerConfig, count=1
Event: 1508.481 Thread 0x00007faa78121000 redefined class name=com.uca.categorymgr.configs.WebMVCConfig, count=1
Event: 1508.502 Thread 0x00007faa78121000 redefined class name=com.uca.categorymgr.configs.WebSecurityConfig, count=1
Event: 1508.524 Thread 0x00007faa78121000 redefined class name=com.uca.categorymgr.entities.DBOneCustomer, count=1
Event: 1508.548 Thread 0x00007faa78121000 redefined class name=com.uca.categorymgr.repositories.CategoryRepository, count=1
Event: 1508.572 Thread 0x00007faa78121000 redefined class name=com.uca.categorymgr.repositories.ProductRepository, count=1
Event: 1508.594 Thread 0x00007faa78121000 redefined class name=com.uca.categorymgr.utili.apis.GlobleExceptionHandler, count=1
Event: 1508.616 Thread 0x00007faa78121000 redefined class name=com.uca.categorymgr.utili.services.ConverterService, count=1
Event: 1508.638 Thread 0x00007faa78121000 redefined class name=com.uca.categorymgr.utili.services.HashingService, count=1
Event: 1508.661 Thread 0x00007faa78121000 redefined class name=com.uca.categorymgr.services.integrations.CategoryServiceIntegrationService, count=1
Event: 1508.683 Thread 0x00007faa78121000 redefined class name=com.uca.categorymgr.services.integrations.MerchantServiceIntegrationService, count=1
Event: 1508.705 Thread 0x00007faa78121000 redefined class name=com.uca.categorymgr.configs.FilterChainExceptionHandlerFilter, count=1
Event: 1508.727 Thread 0x00007faa78121000 redefined class name=com.uca.categorymgr.entities.QProduct, count=1
Event: 1508.850 Thread 0x00007faa78121000 redefined class name=com.uca.categorymgr.entities.QProduct, count=2

Internal exceptions (20 events):
Event: 11.069 Thread 0x00007faa78019000 Exception <a 'java/lang/ClassNotFoundException'{0x0000000089a69628}: org/springframework/beans/factory/config/BeanFactoryPostProcessorCustomizer> (0x0000000089a69628) thrown at [/build/openjdk-lts-iuKaMP/openjdk-lts-11.0.6+10/src/hotspot/share/classfile/s
Event: 11.069 Thread 0x00007faa78019000 Exception <a 'java/lang/ClassNotFoundException'{0x0000000089a7a1c8}: org/springframework/beans/factory/DisposableBeanCustomizer> (0x0000000089a7a1c8) thrown at [/build/openjdk-lts-iuKaMP/openjdk-lts-11.0.6+10/src/hotspot/share/classfile/systemDictionary.c
Event: 11.072 Thread 0x00007faa78019000 Exception <a 'java/lang/ClassNotFoundException'{0x0000000089a93898}: java/lang/ObjectCustomizer> (0x0000000089a93898) thrown at [/build/openjdk-lts-iuKaMP/openjdk-lts-11.0.6+10/src/hotspot/share/classfile/systemDictionary.cpp, line 231]
Event: 11.072 Thread 0x00007faa78019000 Exception <a 'java/lang/ClassNotFoundException'{0x0000000089aa73c0}: org/springframework/cloud/context/scope/GenericScopeCustomizer> (0x0000000089aa73c0) thrown at [/build/openjdk-lts-iuKaMP/openjdk-lts-11.0.6+10/src/hotspot/share/classfile/systemDictiona
Event: 11.072 Thread 0x00007faa78019000 Exception <a 'java/lang/ClassNotFoundException'{0x0000000089ac1ce0}: org/springframework/beans/factory/config/ScopeCustomizer> (0x0000000089ac1ce0) thrown at [/build/openjdk-lts-iuKaMP/openjdk-lts-11.0.6+10/src/hotspot/share/classfile/systemDictionary.cpp
Event: 11.073 Thread 0x00007faa78019000 Exception <a 'java/lang/ClassNotFoundException'{0x0000000089ad6db8}: org/springframework/beans/factory/config/BeanFactoryPostProcessorCustomizer> (0x0000000089ad6db8) thrown at [/build/openjdk-lts-iuKaMP/openjdk-lts-11.0.6+10/src/hotspot/share/classfile/s
Event: 11.073 Thread 0x00007faa78019000 Exception <a 'java/lang/ClassNotFoundException'{0x0000000089aeb770}: org/springframework/beans/factory/support/BeanDefinitionRegistryPostProcessorCustomizer> (0x0000000089aeb770) thrown at [/build/openjdk-lts-iuKaMP/openjdk-lts-11.0.6+10/src/hotspot/share
Event: 11.073 Thread 0x00007faa78019000 Exception <a 'java/lang/ClassNotFoundException'{0x0000000089afece0}: org/springframework/beans/factory/config/BeanFactoryPostProcessorCustomizer> (0x0000000089afece0) thrown at [/build/openjdk-lts-iuKaMP/openjdk-lts-11.0.6+10/src/hotspot/share/classfile/s
Event: 11.074 Thread 0x00007faa78019000 Exception <a 'java/lang/ClassNotFoundException'{0x000000008990fe08}: org/springframework/beans/factory/DisposableBeanCustomizer> (0x000000008990fe08) thrown at [/build/openjdk-lts-iuKaMP/openjdk-lts-11.0.6+10/src/hotspot/share/classfile/systemDictionary.c
Event: 11.075 Thread 0x00007faa78019000 Exception <a 'java/lang/ClassNotFoundException'{0x00000000899202c8}: java/lang/ObjectCustomizer> (0x00000000899202c8) thrown at [/build/openjdk-lts-iuKaMP/openjdk-lts-11.0.6+10/src/hotspot/share/classfile/systemDictionary.cpp, line 231]
Event: 11.076 Thread 0x00007faa78019000 Exception <a 'java/lang/ClassNotFoundException'{0x0000000089937220}: org/springframework/cloud/context/properties/ConfigurationPropertiesRebinderCustomizer> (0x0000000089937220) thrown at [/build/openjdk-lts-iuKaMP/openjdk-lts-11.0.6+10/src/hotspot/share/
Event: 11.076 Thread 0x00007faa78019000 Exception <a 'java/lang/ClassNotFoundException'{0x00000000899512b0}: org/springframework/context/ApplicationContextAwareCustomizer> (0x00000000899512b0) thrown at [/build/openjdk-lts-iuKaMP/openjdk-lts-11.0.6+10/src/hotspot/share/classfile/systemDictionar
Event: 11.077 Thread 0x00007faa78019000 Exception <a 'java/lang/ClassNotFoundException'{0x0000000089960e58}: org/springframework/beans/factory/AwareCustomizer> (0x0000000089960e58) thrown at [/build/openjdk-lts-iuKaMP/openjdk-lts-11.0.6+10/src/hotspot/share/classfile/systemDictionary.cpp, line 
Event: 11.077 Thread 0x00007faa78019000 Exception <a 'java/lang/ClassNotFoundException'{0x00000000899707a0}: org/springframework/context/ApplicationListenerCustomizer> (0x00000000899707a0) thrown at [/build/openjdk-lts-iuKaMP/openjdk-lts-11.0.6+10/src/hotspot/share/classfile/systemDictionary.cp
Event: 11.077 Thread 0x00007faa78019000 Exception <a 'java/lang/ClassNotFoundException'{0x0000000089971f78}: java/util/EventListenerCustomizer> (0x0000000089971f78) thrown at [/build/openjdk-lts-iuKaMP/openjdk-lts-11.0.6+10/src/hotspot/share/classfile/systemDictionary.cpp, line 231]
Event: 11.078 Thread 0x00007faa78019000 Exception <a 'java/lang/ClassNotFoundException'{0x0000000089979c90}: java/lang/ObjectCustomizer> (0x0000000089979c90) thrown at [/build/openjdk-lts-iuKaMP/openjdk-lts-11.0.6+10/src/hotspot/share/classfile/systemDictionary.cpp, line 231]
Event: 11.078 Thread 0x00007faa78019000 Exception <a 'java/lang/ClassNotFoundException'{0x000000008998eb90}: org/springframework/jmx/export/metadata/AbstractJmxAttributeCustomizer> (0x000000008998eb90) thrown at [/build/openjdk-lts-iuKaMP/openjdk-lts-11.0.6+10/src/hotspot/share/classfile/system
Event: 11.079 Thread 0x00007faa78019000 Exception <a 'java/lang/ClassNotFoundException'{0x00000000899a2c40}: org/springframework/jmx/export/metadata/ManagedAttributeCustomizer> (0x00000000899a2c40) thrown at [/build/openjdk-lts-iuKaMP/openjdk-lts-11.0.6+10/src/hotspot/share/classfile/systemDict
Event: 490.070 Thread 0x00007faa79b40000 Exception <a 'java/lang/NoSuchMethodError'{0x000000008d209318}: 'void java.lang.invoke.DirectMethodHandle$Holder.invokeStaticInit(java.lang.Object, java.lang.Object, java.lang.Object)'> (0x000000008d209318) thrown at [/build/openjdk-lts-iuKaMP/openjdk-lts
Event: 1123.945 Thread 0x00007faa79b45800 Exception <a 'java/net/SocketTimeoutException'{0x000000008e54e840}: Read timed out> (0x000000008e54e840) thrown at [/build/openjdk-lts-iuKaMP/openjdk-lts-11.0.6+10/src/hotspot/share/prims/jni.cpp, line 636]

Events (20 events):
Event: 1509.725 Executing VM operation: GetOrSetLocal
Event: 1509.725 Executing VM operation: GetOrSetLocal done
Event: 1509.726 Executing VM operation: GetFrameLocation
Event: 1509.726 Executing VM operation: GetFrameLocation done
Event: 1509.726 Executing VM operation: GetOrSetLocal
Event: 1509.726 Executing VM operation: GetOrSetLocal done
Event: 1509.726 Executing VM operation: GetFrameLocation
Event: 1509.726 Executing VM operation: GetFrameLocation done
Event: 1509.726 Executing VM operation: GetOrSetLocal
Event: 1509.726 Executing VM operation: GetOrSetLocal done
Event: 1509.727 Executing VM operation: GetFrameLocation
Event: 1509.727 Executing VM operation: GetFrameLocation done
Event: 1509.727 Executing VM operation: GetOrSetLocal
Event: 1509.727 Executing VM operation: GetOrSetLocal done
Event: 1509.727 Executing VM operation: GetFrameLocation
Event: 1509.727 Executing VM operation: GetFrameLocation done
Event: 1509.727 Executing VM operation: GetOrSetLocal
Event: 1509.727 Executing VM operation: GetOrSetLocal done
Event: 1512.951 Thread 0x00007faa20001800 Thread exited: 0x00007faa20001800
Event: 1512.975 loading class jdk/internal/misc/Signal$1


Dynamic libraries:
85200000-8e800000 rw-p 00000000 00:00 0 
8e800000-ffe00000 ---p 00000000 00:00 0 
ffe00000-ffe47000 rw-p 01105000 08:02 1838578                            /usr/lib/jvm/java-11-openjdk-amd64/lib/server/classes.jsa
ffe47000-fff00000 rw-p 00000000 00:00 0 
fff00000-fff6a000 rw-p 0109b000 08:02 1838578                            /usr/lib/jvm/java-11-openjdk-amd64/lib/server/classes.jsa
fff6a000-100000000 rw-p 00000000 00:00 0 
800000000-800002000 rwxp 00001000 08:02 1838578                          /usr/lib/jvm/java-11-openjdk-amd64/lib/server/classes.jsa
800002000-80109a000 rw-p 00003000 08:02 1838578                          /usr/lib/jvm/java-11-openjdk-amd64/lib/server/classes.jsa
840000000-8408e0000 rw-p 00000000 00:00 0 
8408e0000-880000000 ---p 00000000 00:00 0 
55733104f000-557331050000 r-xp 00000000 08:02 1838473                    /usr/lib/jvm/java-11-openjdk-amd64/bin/java
557331250000-557331251000 r--p 00001000 08:02 1838473                    /usr/lib/jvm/java-11-openjdk-amd64/bin/java
557331251000-557331252000 rw-p 00002000 08:02 1838473                    /usr/lib/jvm/java-11-openjdk-amd64/bin/java
557331fdc000-55733201e000 rw-p 00000000 00:00 0                          [heap]
7fa958000000-7fa958021000 rw-p 00000000 00:00 0 
7fa958021000-7fa95c000000 ---p 00000000 00:00 0 
7fa95c000000-7fa95c021000 rw-p 00000000 00:00 0 
7fa95c021000-7fa960000000 ---p 00000000 00:00 0 
7fa960000000-7fa960021000 rw-p 00000000 00:00 0 
7fa960021000-7fa964000000 ---p 00000000 00:00 0 
7fa964000000-7fa964021000 rw-p 00000000 00:00 0 
7fa964021000-7fa968000000 ---p 00000000 00:00 0 
7fa968000000-7fa968021000 rw-p 00000000 00:00 0 
7fa968021000-7fa96c000000 ---p 00000000 00:00 0 
7fa96c000000-7fa96c021000 rw-p 00000000 00:00 0 
7fa96c021000-7fa970000000 ---p 00000000 00:00 0 
7fa970000000-7fa970021000 rw-p 00000000 00:00 0 
7fa970021000-7fa974000000 ---p 00000000 00:00 0 
7fa974000000-7fa974021000 rw-p 00000000 00:00 0 
7fa974021000-7fa978000000 ---p 00000000 00:00 0 
7fa978000000-7fa978021000 rw-p 00000000 00:00 0 
7fa978021000-7fa97c000000 ---p 00000000 00:00 0 
7fa97c000000-7fa97c021000 rw-p 00000000 00:00 0 
7fa97c021000-7fa980000000 ---p 00000000 00:00 0 
7fa980000000-7fa9800b9000 rw-p 00000000 00:00 0 
7fa9800b9000-7fa984000000 ---p 00000000 00:00 0 
7fa984000000-7fa984021000 rw-p 00000000 00:00 0 
7fa984021000-7fa988000000 ---p 00000000 00:00 0 
7fa988000000-7fa988021000 rw-p 00000000 00:00 0 
7fa988021000-7fa98c000000 ---p 00000000 00:00 0 
7fa98c000000-7fa98c021000 rw-p 00000000 00:00 0 
7fa98c021000-7fa990000000 ---p 00000000 00:00 0 
7fa990000000-7fa990197000 rw-p 00000000 00:00 0 
7fa990197000-7fa994000000 ---p 00000000 00:00 0 
7fa994000000-7fa994021000 rw-p 00000000 00:00 0 
7fa994021000-7fa998000000 ---p 00000000 00:00 0 
7fa998000000-7fa99807a000 rw-p 00000000 00:00 0 
7fa99807a000-7fa99c000000 ---p 00000000 00:00 0 
7fa99c000000-7fa99c04b000 rw-p 00000000 00:00 0 
7fa99c04b000-7fa9a0000000 ---p 00000000 00:00 0 
7fa9a0000000-7fa9a00b1000 rw-p 00000000 00:00 0 
7fa9a00b1000-7fa9a4000000 ---p 00000000 00:00 0 
7fa9a4000000-7fa9a4021000 rw-p 00000000 00:00 0 
7fa9a4021000-7fa9a8000000 ---p 00000000 00:00 0 
7fa9a8000000-7fa9a8021000 rw-p 00000000 00:00 0 
7fa9a8021000-7fa9ac000000 ---p 00000000 00:00 0 
7fa9ac000000-7fa9ac021000 rw-p 00000000 00:00 0 
7fa9ac021000-7fa9b0000000 ---p 00000000 00:00 0 
7fa9b0000000-7fa9b0021000 rw-p 00000000 00:00 0 
7fa9b0021000-7fa9b4000000 ---p 00000000 00:00 0 
7fa9b4000000-7fa9b4021000 rw-p 00000000 00:00 0 
7fa9b4021000-7fa9b8000000 ---p 00000000 00:00 0 
7fa9b8000000-7fa9b8021000 rw-p 00000000 00:00 0 
7fa9b8021000-7fa9bc000000 ---p 00000000 00:00 0 
7fa9bcfe6000-7fa9bd1a6000 rw-p 00000000 00:00 0 
7fa9bd1a6000-7fa9bd1e6000 ---p 00000000 00:00 0 
7fa9bd1e6000-7fa9bd3e6000 rw-p 00000000 00:00 0 
7fa9bd3e6000-7fa9bd3ea000 ---p 00000000 00:00 0 
7fa9bd3ea000-7fa9bd4e7000 rw-p 00000000 00:00 0 
7fa9bd4e7000-7fa9bd4eb000 ---p 00000000 00:00 0 
7fa9bd4eb000-7fa9bd5e8000 rw-p 00000000 00:00 0 
7fa9bd5e8000-7fa9bd5ec000 ---p 00000000 00:00 0 
7fa9bd5ec000-7fa9bd6e9000 rw-p 00000000 00:00 0 
7fa9bd6e9000-7fa9bd6ed000 ---p 00000000 00:00 0 
7fa9bd6ed000-7fa9bd7ea000 rw-p 00000000 00:00 0 
7fa9bd7ea000-7fa9bd7ee000 ---p 00000000 00:00 0 
7fa9bd7ee000-7fa9bd8eb000 rw-p 00000000 00:00 0 
7fa9bd8eb000-7fa9bd8ef000 ---p 00000000 00:00 0 
7fa9bd8ef000-7fa9bd9ec000 rw-p 00000000 00:00 0 
7fa9bd9ec000-7fa9bd9f0000 ---p 00000000 00:00 0 
7fa9bd9f0000-7fa9bdaed000 rw-p 00000000 00:00 0 
7fa9bdaed000-7fa9bdaf1000 ---p 00000000 00:00 0 
7fa9bdaf1000-7fa9bdbee000 rw-p 00000000 00:00 0 
7fa9bdbee000-7fa9bdbf2000 ---p 00000000 00:00 0 
7fa9bdbf2000-7fa9bdcef000 rw-p 00000000 00:00 0 
7fa9bdcef000-7fa9bdcf3000 ---p 00000000 00:00 0 
7fa9bdcf3000-7fa9bddf0000 rw-p 00000000 00:00 0 
7fa9bddf0000-7fa9bddf4000 ---p 00000000 00:00 0 
7fa9bddf4000-7fa9bdef1000 rw-p 00000000 00:00 0 
7fa9bdef1000-7fa9bdef5000 ---p 00000000 00:00 0 
7fa9bdef5000-7fa9bdff2000 rw-p 00000000 00:00 0 
7fa9bdff2000-7fa9bdff6000 ---p 00000000 00:00 0 
7fa9bdff6000-7fa9be0f3000 rw-p 00000000 00:00 0 
7fa9be0f3000-7fa9be0f7000 ---p 00000000 00:00 0 
7fa9be0f7000-7fa9be1f4000 rw-p 00000000 00:00 0 
7fa9be1f4000-7fa9be1f8000 ---p 00000000 00:00 0 
7fa9be1f8000-7fa9be2f5000 rw-p 00000000 00:00 0 
7fa9be2f5000-7fa9be2f9000 ---p 00000000 00:00 0 
7fa9be2f9000-7fa9be3f6000 rw-p 00000000 00:00 0 
7fa9be3f6000-7fa9be3fa000 ---p 00000000 00:00 0 
7fa9be3fa000-7fa9be4f7000 rw-p 00000000 00:00 0 
7fa9be4f7000-7fa9be4fb000 ---p 00000000 00:00 0 
7fa9be4fb000-7fa9be5f8000 rw-p 00000000 00:00 0 
7fa9be5f8000-7fa9be5fc000 ---p 00000000 00:00 0 
7fa9be5fc000-7fa9be6f9000 rw-p 00000000 00:00 0 
7fa9be6f9000-7fa9be6fd000 ---p 00000000 00:00 0 
7fa9be6fd000-7fa9be7fa000 rw-p 00000000 00:00 0 
7fa9be7fa000-7fa9be7fe000 ---p 00000000 00:00 0 
7fa9be7fe000-7fa9be8fb000 rw-p 00000000 00:00 0 
7fa9be8fb000-7fa9be8ff000 ---p 00000000 00:00 0 
7fa9be8ff000-7fa9be9fc000 rw-p 00000000 00:00 0 
7fa9be9fc000-7fa9bea00000 ---p 00000000 00:00 0 
7fa9bea00000-7fa9beafd000 rw-p 00000000 00:00 0 
7fa9beafd000-7fa9beb01000 ---p 00000000 00:00 0 
7fa9beb01000-7fa9bedfe000 rw-p 00000000 00:00 0 
7fa9bedfe000-7fa9beffe000 rw-p 00000000 00:00 0 
7fa9beffe000-7fa9bf1fe000 rw-p 00000000 00:00 0 
7fa9bf1fe000-7fa9bf3fe000 rw-p 00000000 00:00 0 
7fa9bf3fe000-7fa9bf5fe000 rw-p 00000000 00:00 0 
7fa9bf5fe000-7fa9bf7fe000 rw-p 00000000 00:00 0 
7fa9bf7fe000-7fa9bf9fe000 rw-p 00000000 00:00 0 
7fa9bf9fe000-7fa9bfa02000 ---p 00000000 00:00 0 
7fa9bfa02000-7fa9bfaff000 rw-p 00000000 00:00 0 
7fa9bfaff000-7fa9bfb03000 ---p 00000000 00:00 0 
7fa9bfb03000-7fa9bfe00000 rw-p 00000000 00:00 0 
7fa9bfe00000-7fa9c0000000 rw-p 00000000 00:00 0 
7fa9c0000000-7fa9c0021000 rw-p 00000000 00:00 0 
7fa9c0021000-7fa9c4000000 ---p 00000000 00:00 0 
7fa9c4000000-7fa9c4021000 rw-p 00000000 00:00 0 
7fa9c4021000-7fa9c8000000 ---p 00000000 00:00 0 
7fa9c8000000-7fa9c8021000 rw-p 00000000 00:00 0 
7fa9c8021000-7fa9cc000000 ---p 00000000 00:00 0 
7fa9cc000000-7fa9cc021000 rw-p 00000000 00:00 0 
7fa9cc021000-7fa9d0000000 ---p 00000000 00:00 0 
7fa9d0000000-7fa9d0021000 rw-p 00000000 00:00 0 
7fa9d0021000-7fa9d4000000 ---p 00000000 00:00 0 
7fa9d4000000-7fa9d4021000 rw-p 00000000 00:00 0 
7fa9d4021000-7fa9d8000000 ---p 00000000 00:00 0 
7fa9d8000000-7fa9d8021000 rw-p 00000000 00:00 0 
7fa9d8021000-7fa9dc000000 ---p 00000000 00:00 0 
7fa9dc000000-7fa9dc021000 rw-p 00000000 00:00 0 
7fa9dc021000-7fa9e0000000 ---p 00000000 00:00 0 
7fa9e0000000-7fa9e032b000 rw-p 00000000 00:00 0 
7fa9e032b000-7fa9e4000000 ---p 00000000 00:00 0 
7fa9e4000000-7fa9e4021000 rw-p 00000000 00:00 0 
7fa9e4021000-7fa9e8000000 ---p 00000000 00:00 0 
7fa9e8000000-7fa9e8021000 rw-p 00000000 00:00 0 
7fa9e8021000-7fa9ec000000 ---p 00000000 00:00 0 
7fa9ec000000-7fa9ec021000 rw-p 00000000 00:00 0 
7fa9ec021000-7fa9f0000000 ---p 00000000 00:00 0 
7fa9f0000000-7fa9f0021000 rw-p 00000000 00:00 0 
7fa9f0021000-7fa9f4000000 ---p 00000000 00:00 0 
7fa9f4000000-7fa9f4021000 rw-p 00000000 00:00 0 
7fa9f4021000-7fa9f8000000 ---p 00000000 00:00 0 
7fa9f8000000-7fa9f802a000 rw-p 00000000 00:00 0 
7fa9f802a000-7fa9fc000000 ---p 00000000 00:00 0 
7fa9fc000000-7fa9fc021000 rw-p 00000000 00:00 0 
7fa9fc021000-7faa00000000 ---p 00000000 00:00 0 
7faa00000000-7faa00021000 rw-p 00000000 00:00 0 
7faa00021000-7faa04000000 ---p 00000000 00:00 0 
7faa04000000-7faa04021000 rw-p 00000000 00:00 0 
7faa04021000-7faa08000000 ---p 00000000 00:00 0 
7faa08000000-7faa08021000 rw-p 00000000 00:00 0 
7faa08021000-7faa0c000000 ---p 00000000 00:00 0 
7faa0c000000-7faa0c021000 rw-p 00000000 00:00 0 
7faa0c021000-7faa10000000 ---p 00000000 00:00 0 
7faa10000000-7faa10074000 rw-p 00000000 00:00 0 
7faa10074000-7faa14000000 ---p 00000000 00:00 0 
7faa14000000-7faa14021000 rw-p 00000000 00:00 0 
7faa14021000-7faa18000000 ---p 00000000 00:00 0 
7faa18000000-7faa18021000 rw-p 00000000 00:00 0 
7faa18021000-7faa1c000000 ---p 00000000 00:00 0 
7faa1c000000-7faa1c021000 rw-p 00000000 00:00 0 
7faa1c021000-7faa20000000 ---p 00000000 00:00 0 
7faa20000000-7faa2004f000 rw-p 00000000 00:00 0 
7faa2004f000-7faa24000000 ---p 00000000 00:00 0 
7faa24082000-7faa24083000 ---p 00000000 00:00 0 
7faa24083000-7faa24184000 rw-p 00000000 00:00 0 
7faa24184000-7faa24185000 ---p 00000000 00:00 0 
7faa24185000-7faa24286000 rw-p 00000000 00:00 0 
7faa24286000-7faa24287000 ---p 00000000 00:00 0 
7faa24287000-7faa24388000 rw-p 00000000 00:00 0 
7faa24388000-7faa24389000 ---p 00000000 00:00 0 
7faa24389000-7faa2468a000 rw-p 00000000 00:00 0 
7faa2468a000-7faa2468e000 ---p 00000000 00:00 0 
7faa2468e000-7faa2478b000 rw-p 00000000 00:00 0 
7faa2478b000-7faa2478f000 ---p 00000000 00:00 0 
7faa2478f000-7faa24a8c000 rw-p 00000000 00:00 0 
7faa24a8c000-7faa24c8c000 rw-p 00000000 00:00 0 
7faa24c8c000-7faa24e8c000 rw-p 00000000 00:00 0 
7faa24e8c000-7faa2508c000 rw-p 00000000 00:00 0 
7faa2508c000-7faa2528c000 rw-p 00000000 00:00 0 
7faa2528c000-7faa2528d000 ---p 00000000 00:00 0 
7faa2528d000-7faa2557a000 rw-p 00000000 00:00 0 
7faa2557a000-7faa2558e000 ---p 00000000 00:00 0 
7faa2558e000-7faa2578e000 rw-p 00000000 00:00 0 
7faa2578e000-7faa2598e000 rw-p 00000000 00:00 0 
7faa2598e000-7faa25b8e000 rw-p 00000000 00:00 0 
7faa25b8e000-7faa25ba5000 r-xp 00000000 08:02 1052532                    /lib/x86_64-linux-gnu/libresolv-2.27.so
7faa25ba5000-7faa25da5000 ---p 00017000 08:02 1052532                    /lib/x86_64-linux-gnu/libresolv-2.27.so
7faa25da5000-7faa25da6000 r--p 00017000 08:02 1052532                    /lib/x86_64-linux-gnu/libresolv-2.27.so
7faa25da6000-7faa25da7000 rw-p 00018000 08:02 1052532                    /lib/x86_64-linux-gnu/libresolv-2.27.so
7faa25da7000-7faa25da9000 rw-p 00000000 00:00 0 
7faa25da9000-7faa25dae000 r-xp 00000000 08:02 1052481                    /lib/x86_64-linux-gnu/libnss_dns-2.27.so
7faa25dae000-7faa25fae000 ---p 00005000 08:02 1052481                    /lib/x86_64-linux-gnu/libnss_dns-2.27.so
7faa25fae000-7faa25faf000 r--p 00005000 08:02 1052481                    /lib/x86_64-linux-gnu/libnss_dns-2.27.so
7faa25faf000-7faa25fb0000 rw-p 00006000 08:02 1052481                    /lib/x86_64-linux-gnu/libnss_dns-2.27.so
7faa25fb0000-7faa25fb2000 r-xp 00000000 08:02 1052489                    /lib/x86_64-linux-gnu/libnss_mdns4_minimal.so.2
7faa25fb2000-7faa261b1000 ---p 00002000 08:02 1052489                    /lib/x86_64-linux-gnu/libnss_mdns4_minimal.so.2
7faa261b1000-7faa261b2000 r--p 00001000 08:02 1052489                    /lib/x86_64-linux-gnu/libnss_mdns4_minimal.so.2
7faa261b2000-7faa261b3000 rw-p 00002000 08:02 1052489                    /lib/x86_64-linux-gnu/libnss_mdns4_minimal.so.2
7faa261b3000-7faa261b7000 ---p 00000000 00:00 0 
7faa261b7000-7faa262b4000 rw-p 00000000 00:00 0 
7faa262b4000-7faa262b5000 ---p 00000000 00:00 0 
7faa262b5000-7faa265b6000 rw-p 00000000 00:00 0 
7faa265b6000-7faa265ba000 ---p 00000000 00:00 0 
7faa265ba000-7faa266b7000 rw-p 00000000 00:00 0 
7faa266b7000-7faa266b8000 ---p 00000000 00:00 0 
7faa266b8000-7faa267b9000 rw-p 00000000 00:00 0 
7faa267b9000-7faa267ba000 ---p 00000000 00:00 0 
7faa267ba000-7faa268bb000 rw-p 00000000 00:00 0 
7faa268bb000-7faa268bc000 ---p 00000000 00:00 0 
7faa268bc000-7faa269bd000 rw-p 00000000 00:00 0 
7faa269bd000-7faa269c1000 ---p 00000000 00:00 0 
7faa269c1000-7faa26abe000 rw-p 00000000 00:00 0 
7faa26abe000-7faa26ac2000 ---p 00000000 00:00 0 
7faa26ac2000-7faa26bbf000 rw-p 00000000 00:00 0 
7faa26bbf000-7faa26bc3000 ---p 00000000 00:00 0 
7faa26bc3000-7faa26cc0000 rw-p 00000000 00:00 0 
7faa26cc0000-7faa26cc4000 ---p 00000000 00:00 0 
7faa26cc4000-7faa26dc1000 rw-p 00000000 00:00 0 
7faa26dc1000-7faa26dc2000 ---p 00000000 00:00 0 
7faa26dc2000-7faa26ec3000 rw-p 00000000 00:00 0 
7faa26ec3000-7faa26ec7000 ---p 00000000 00:00 0 
7faa26ec7000-7faa26fc4000 rw-p 00000000 00:00 0 
7faa26fc4000-7faa26fc8000 ---p 00000000 00:00 0 
7faa26fc8000-7faa270c5000 rw-p 00000000 00:00 0 
7faa270c5000-7faa270c9000 ---p 00000000 00:00 0 
7faa270c9000-7faa271c6000 rw-p 00000000 00:00 0 
7faa271c6000-7faa271c8000 r-xp 00000000 08:02 1838528                    /usr/lib/jvm/java-11-openjdk-amd64/lib/libextnet.so
7faa271c8000-7faa273c7000 ---p 00002000 08:02 1838528                    /usr/lib/jvm/java-11-openjdk-amd64/lib/libextnet.so
7faa273c7000-7faa273c8000 r--p 00001000 08:02 1838528                    /usr/lib/jvm/java-11-openjdk-amd64/lib/libextnet.so
7faa273c8000-7faa273c9000 rw-p 00002000 08:02 1838528                    /usr/lib/jvm/java-11-openjdk-amd64/lib/libextnet.so
7faa273c9000-7faa273ce000 r-xp 00000000 08:02 1838545                    /usr/lib/jvm/java-11-openjdk-amd64/lib/libmanagement_ext.so
7faa273ce000-7faa275cd000 ---p 00005000 08:02 1838545                    /usr/lib/jvm/java-11-openjdk-amd64/lib/libmanagement_ext.so
7faa275cd000-7faa275ce000 r--p 00004000 08:02 1838545                    /usr/lib/jvm/java-11-openjdk-amd64/lib/libmanagement_ext.so
7faa275ce000-7faa275cf000 rw-p 00005000 08:02 1838545                    /usr/lib/jvm/java-11-openjdk-amd64/lib/libmanagement_ext.so
7faa275cf000-7faa275d3000 r-xp 00000000 08:02 1838543                    /usr/lib/jvm/java-11-openjdk-amd64/lib/libmanagement.so
7faa275d3000-7faa277d2000 ---p 00004000 08:02 1838543                    /usr/lib/jvm/java-11-openjdk-amd64/lib/libmanagement.so
7faa277d2000-7faa277d3000 r--p 00003000 08:02 1838543                    /usr/lib/jvm/java-11-openjdk-amd64/lib/libmanagement.so
7faa277d3000-7faa277d4000 rw-p 00004000 08:02 1838543                    /usr/lib/jvm/java-11-openjdk-amd64/lib/libmanagement.so
7faa277d4000-7faa277ea000 r-xp 00000000 08:02 1838547                    /usr/lib/jvm/java-11-openjdk-amd64/lib/libnet.so
7faa277ea000-7faa279e9000 ---p 00016000 08:02 1838547                    /usr/lib/jvm/java-11-openjdk-amd64/lib/libnet.so
7faa279e9000-7faa279ea000 r--p 00015000 08:02 1838547                    /usr/lib/jvm/java-11-openjdk-amd64/lib/libnet.so
7faa279ea000-7faa279eb000 rw-p 00016000 08:02 1838547                    /usr/lib/jvm/java-11-openjdk-amd64/lib/libnet.so
7faa279eb000-7faa279fb000 r-xp 00000000 08:02 1838548                    /usr/lib/jvm/java-11-openjdk-amd64/lib/libnio.so
7faa279fb000-7faa27bfa000 ---p 00010000 08:02 1838548                    /usr/lib/jvm/java-11-openjdk-amd64/lib/libnio.so
7faa27bfa000-7faa27bfb000 r--p 0000f000 08:02 1838548                    /usr/lib/jvm/java-11-openjdk-amd64/lib/libnio.so
7faa27bfb000-7faa27bfc000 rw-p 00010000 08:02 1838548                    /usr/lib/jvm/java-11-openjdk-amd64/lib/libnio.so
7faa27bfc000-7faa27c00000 ---p 00000000 00:00 0 
7faa27c00000-7faa27cfd000 rw-p 00000000 00:00 0 
7faa27cfd000-7faa27d01000 ---p 00000000 00:00 0 
7faa27d01000-7faa27dfe000 rw-p 00000000 00:00 0 
7faa27dfe000-7faa27e02000 ---p 00000000 00:00 0 
7faa27e02000-7faa27eff000 rw-p 00000000 00:00 0 
7faa27eff000-7faa27f03000 ---p 00000000 00:00 0 
7faa27f03000-7faa28000000 rw-p 00000000 00:00 0 
7faa28000000-7faa28021000 rw-p 00000000 00:00 0 
7faa28021000-7faa2c000000 ---p 00000000 00:00 0 
7faa2c000000-7faa2c021000 rw-p 00000000 00:00 0 
7faa2c021000-7faa30000000 ---p 00000000 00:00 0 
7faa30000000-7faa30021000 rw-p 00000000 00:00 0 
7faa30021000-7faa34000000 ---p 00000000 00:00 0 
7faa34000000-7faa34590000 rw-p 00000000 00:00 0 
7faa34590000-7faa38000000 ---p 00000000 00:00 0 
7faa38000000-7faa38021000 rw-p 00000000 00:00 0 
7faa38021000-7faa3c000000 ---p 00000000 00:00 0 
7faa3c000000-7faa3c021000 rw-p 00000000 00:00 0 
7faa3c021000-7faa40000000 ---p 00000000 00:00 0 
7faa40000000-7faa40021000 rw-p 00000000 00:00 0 
7faa40021000-7faa44000000 ---p 00000000 00:00 0 
7faa44000000-7faa441ca000 rw-p 00000000 00:00 0 
7faa441ca000-7faa48000000 ---p 00000000 00:00 0 
7faa48000000-7faa48021000 rw-p 00000000 00:00 0 
7faa48021000-7faa4c000000 ---p 00000000 00:00 0 
7faa4c000000-7faa4c021000 rw-p 00000000 00:00 0 
7faa4c021000-7faa50000000 ---p 00000000 00:00 0 
7faa5009b000-7faa5009f000 r-xp 00000000 08:02 1838527                    /usr/lib/jvm/java-11-openjdk-amd64/lib/libdt_socket.so
7faa5009f000-7faa5029f000 ---p 00004000 08:02 1838527                    /usr/lib/jvm/java-11-openjdk-amd64/lib/libdt_socket.so
7faa5029f000-7faa502a0000 r--p 00004000 08:02 1838527                    /usr/lib/jvm/java-11-openjdk-amd64/lib/libdt_socket.so
7faa502a0000-7faa502a1000 rw-p 00005000 08:02 1838527                    /usr/lib/jvm/java-11-openjdk-amd64/lib/libdt_socket.so
7faa502a1000-7faa502a5000 ---p 00000000 00:00 0 
7faa502a5000-7faa503a2000 rw-p 00000000 00:00 0 
7faa503a2000-7faa503a6000 ---p 00000000 00:00 0 
7faa503a6000-7faa504a3000 rw-p 00000000 00:00 0 
7faa504a3000-7faa504a7000 ---p 00000000 00:00 0 
7faa504a7000-7faa505a4000 rw-p 00000000 00:00 0 
7faa505a4000-7faa505a8000 ---p 00000000 00:00 0 
7faa505a8000-7faa506a5000 rw-p 00000000 00:00 0 
7faa506a5000-7faa51075000 r--p 00000000 08:02 1707359                    /usr/lib/locale/locale-archive
7faa51075000-7faa51079000 ---p 00000000 00:00 0 
7faa51079000-7faa51176000 rw-p 00000000 00:00 0 
7faa51176000-7faa5117a000 ---p 00000000 00:00 0 
7faa5117a000-7faa51277000 rw-p 00000000 00:00 0 
7faa51277000-7faa51278000 ---p 00000000 00:00 0 
7faa51278000-7faa51bfa000 rw-p 00000000 00:00 0 
7faa51bfa000-7faa51bfb000 ---p 00000000 00:00 0 
7faa51bfb000-7faa51cfc000 rw-p 00000000 00:00 0 
7faa51cfc000-7faa51cfd000 ---p 00000000 00:00 0 
7faa51cfd000-7faa54000000 rw-p 00000000 00:00 0 
7faa54000000-7faa54021000 rw-p 00000000 00:00 0 
7faa54021000-7faa58000000 ---p 00000000 00:00 0 
7faa58002000-7faa584e8000 rw-p 00000000 00:00 0 
7faa584e8000-7faa5a140000 ---p 00000000 00:00 0 
7faa5a140000-7faa5a3a0000 rw-p 00000000 00:00 0 
7faa5a3a0000-7faa5bff8000 ---p 00000000 00:00 0 
7faa5bff8000-7faa5c000000 rw-p 00000000 00:00 0 
7faa5c000000-7faa5c021000 rw-p 00000000 00:00 0 
7faa5c021000-7faa60000000 ---p 00000000 00:00 0 
7faa6000b000-7faa60437000 rw-p 00000000 00:00 0 
7faa60437000-7faa60438000 ---p 00000000 00:00 0 
7faa60438000-7faa60584000 rw-p 00000000 00:00 0 
7faa60584000-7faa6090f000 ---p 00000000 00:00 0 
7faa6090f000-7faa60910000 rw-p 00000000 00:00 0 
7faa60910000-7faa60b80000 rwxp 00000000 00:00 0 
7faa60b80000-7faa61044000 ---p 00000000 00:00 0 
7faa61044000-7faa61a94000 rwxp 00000000 00:00 0 
7faa61a94000-7faa6f910000 ---p 00000000 00:00 0 
7faa78000000-7faa79b65000 rw-p 00000000 00:00 0 
7faa79b65000-7faa7c000000 ---p 00000000 00:00 0 
7faa7c002000-7faa7c003000 ---p 00000000 00:00 0 
7faa7c003000-7faa7c14f000 rw-p 00000000 00:00 0 
7faa7c14f000-7faa7c4da000 ---p 00000000 00:00 0 
7faa7c4da000-7faa7c526000 rw-p 00000000 00:00 0 
7faa7c526000-7faa7c8b1000 ---p 00000000 00:00 0 
7faa7c8b1000-7faa7d0ba000 rw-p 00000000 00:00 0 
7faa7d0ba000-7faa7d0bb000 ---p 00000000 00:00 0 
7faa7d0bb000-7faa7d1d1000 rw-p 00000000 00:00 0 
7faa7d1d1000-7faa7d38e000 ---p 00000000 00:00 0 
7faa7d38e000-7faa7d393000 r-xp 00000000 08:02 1838539                    /usr/lib/jvm/java-11-openjdk-amd64/lib/libjimage.so
7faa7d393000-7faa7d592000 ---p 00005000 08:02 1838539                    /usr/lib/jvm/java-11-openjdk-amd64/lib/libjimage.so
7faa7d592000-7faa7d593000 r--p 00004000 08:02 1838539                    /usr/lib/jvm/java-11-openjdk-amd64/lib/libjimage.so
7faa7d593000-7faa7d594000 rw-p 00005000 08:02 1838539                    /usr/lib/jvm/java-11-openjdk-amd64/lib/libjimage.so
7faa7d594000-7faa7d59b000 r-xp 00000000 08:02 1838556                    /usr/lib/jvm/java-11-openjdk-amd64/lib/libzip.so
7faa7d59b000-7faa7d79a000 ---p 00007000 08:02 1838556                    /usr/lib/jvm/java-11-openjdk-amd64/lib/libzip.so
7faa7d79a000-7faa7d79b000 r--p 00006000 08:02 1838556                    /usr/lib/jvm/java-11-openjdk-amd64/lib/libzip.so
7faa7d79b000-7faa7d79c000 rw-p 00007000 08:02 1838556                    /usr/lib/jvm/java-11-openjdk-amd64/lib/libzip.so
7faa7d79c000-7faa7d7a7000 r-xp 00000000 08:02 1052483                    /lib/x86_64-linux-gnu/libnss_files-2.27.so
7faa7d7a7000-7faa7d9a6000 ---p 0000b000 08:02 1052483                    /lib/x86_64-linux-gnu/libnss_files-2.27.so
7faa7d9a6000-7faa7d9a7000 r--p 0000a000 08:02 1052483                    /lib/x86_64-linux-gnu/libnss_files-2.27.so
7faa7d9a7000-7faa7d9a8000 rw-p 0000b000 08:02 1052483                    /lib/x86_64-linux-gnu/libnss_files-2.27.so
7faa7d9a8000-7faa7d9ae000 rw-p 00000000 00:00 0 
7faa7d9ae000-7faa7d9c5000 r-xp 00000000 08:02 1052477                    /lib/x86_64-linux-gnu/libnsl-2.27.so
7faa7d9c5000-7faa7dbc4000 ---p 00017000 08:02 1052477                    /lib/x86_64-linux-gnu/libnsl-2.27.so
7faa7dbc4000-7faa7dbc5000 r--p 00016000 08:02 1052477                    /lib/x86_64-linux-gnu/libnsl-2.27.so
7faa7dbc5000-7faa7dbc6000 rw-p 00017000 08:02 1052477                    /lib/x86_64-linux-gnu/libnsl-2.27.so
7faa7dbc6000-7faa7dbc8000 rw-p 00000000 00:00 0 
7faa7dbc8000-7faa7dbd3000 r-xp 00000000 08:02 1052494                    /lib/x86_64-linux-gnu/libnss_nis-2.27.so
7faa7dbd3000-7faa7ddd2000 ---p 0000b000 08:02 1052494                    /lib/x86_64-linux-gnu/libnss_nis-2.27.so
7faa7ddd2000-7faa7ddd3000 r--p 0000a000 08:02 1052494                    /lib/x86_64-linux-gnu/libnss_nis-2.27.so
7faa7ddd3000-7faa7ddd4000 rw-p 0000b000 08:02 1052494                    /lib/x86_64-linux-gnu/libnss_nis-2.27.so
7faa7ddd4000-7faa7dddc000 r-xp 00000000 08:02 1052479                    /lib/x86_64-linux-gnu/libnss_compat-2.27.so
7faa7dddc000-7faa7dfdc000 ---p 00008000 08:02 1052479                    /lib/x86_64-linux-gnu/libnss_compat-2.27.so
7faa7dfdc000-7faa7dfdd000 r--p 00008000 08:02 1052479                    /lib/x86_64-linux-gnu/libnss_compat-2.27.so
7faa7dfdd000-7faa7dfde000 rw-p 00009000 08:02 1052479                    /lib/x86_64-linux-gnu/libnss_compat-2.27.so
7faa7dfde000-7faa7e019000 r-xp 00000000 08:02 1838538                    /usr/lib/jvm/java-11-openjdk-amd64/lib/libjdwp.so
7faa7e019000-7faa7e218000 ---p 0003b000 08:02 1838538                    /usr/lib/jvm/java-11-openjdk-amd64/lib/libjdwp.so
7faa7e218000-7faa7e219000 r--p 0003a000 08:02 1838538                    /usr/lib/jvm/java-11-openjdk-amd64/lib/libjdwp.so
7faa7e219000-7faa7e21a000 rw-p 0003b000 08:02 1838538                    /usr/lib/jvm/java-11-openjdk-amd64/lib/libjdwp.so
7faa7e21a000-7faa7e243000 r-xp 00000000 08:02 1838535                    /usr/lib/jvm/java-11-openjdk-amd64/lib/libjava.so
7faa7e243000-7faa7e442000 ---p 00029000 08:02 1838535                    /usr/lib/jvm/java-11-openjdk-amd64/lib/libjava.so
7faa7e442000-7faa7e443000 r--p 00028000 08:02 1838535                    /usr/lib/jvm/java-11-openjdk-amd64/lib/libjava.so
7faa7e443000-7faa7e445000 rw-p 00029000 08:02 1838535                    /usr/lib/jvm/java-11-openjdk-amd64/lib/libjava.so
7faa7e445000-7faa7e452000 r-xp 00000000 08:02 1838555                    /usr/lib/jvm/java-11-openjdk-amd64/lib/libverify.so
7faa7e452000-7faa7e651000 ---p 0000d000 08:02 1838555                    /usr/lib/jvm/java-11-openjdk-amd64/lib/libverify.so
7faa7e651000-7faa7e653000 r--p 0000c000 08:02 1838555                    /usr/lib/jvm/java-11-openjdk-amd64/lib/libverify.so
7faa7e653000-7faa7e654000 rw-p 0000e000 08:02 1838555                    /usr/lib/jvm/java-11-openjdk-amd64/lib/libverify.so
7faa7e654000-7faa7e65b000 r-xp 00000000 08:02 1052534                    /lib/x86_64-linux-gnu/librt-2.27.so
7faa7e65b000-7faa7e85a000 ---p 00007000 08:02 1052534                    /lib/x86_64-linux-gnu/librt-2.27.so
7faa7e85a000-7faa7e85b000 r--p 00006000 08:02 1052534                    /lib/x86_64-linux-gnu/librt-2.27.so
7faa7e85b000-7faa7e85c000 rw-p 00007000 08:02 1052534                    /lib/x86_64-linux-gnu/librt-2.27.so
7faa7e85c000-7faa7e873000 r-xp 00000000 08:02 1046535                    /lib/x86_64-linux-gnu/libgcc_s.so.1
7faa7e873000-7faa7ea72000 ---p 00017000 08:02 1046535                    /lib/x86_64-linux-gnu/libgcc_s.so.1
7faa7ea72000-7faa7ea73000 r--p 00016000 08:02 1046535                    /lib/x86_64-linux-gnu/libgcc_s.so.1
7faa7ea73000-7faa7ea74000 rw-p 00017000 08:02 1046535                    /lib/x86_64-linux-gnu/libgcc_s.so.1
7faa7ea74000-7faa7ec11000 r-xp 00000000 08:02 1052456                    /lib/x86_64-linux-gnu/libm-2.27.so
7faa7ec11000-7faa7ee10000 ---p 0019d000 08:02 1052456                    /lib/x86_64-linux-gnu/libm-2.27.so
7faa7ee10000-7faa7ee11000 r--p 0019c000 08:02 1052456                    /lib/x86_64-linux-gnu/libm-2.27.so
7faa7ee11000-7faa7ee12000 rw-p 0019d000 08:02 1052456                    /lib/x86_64-linux-gnu/libm-2.27.so
7faa7ee12000-7faa7ef8b000 r-xp 00000000 08:02 1700853                    /usr/lib/x86_64-linux-gnu/libstdc++.so.6.0.25
7faa7ef8b000-7faa7f18b000 ---p 00179000 08:02 1700853                    /usr/lib/x86_64-linux-gnu/libstdc++.so.6.0.25
7faa7f18b000-7faa7f195000 r--p 00179000 08:02 1700853                    /usr/lib/x86_64-linux-gnu/libstdc++.so.6.0.25
7faa7f195000-7faa7f197000 rw-p 00183000 08:02 1700853                    /usr/lib/x86_64-linux-gnu/libstdc++.so.6.0.25
7faa7f197000-7faa7f19b000 rw-p 00000000 00:00 0 
7faa7f19b000-7faa80274000 r-xp 00000000 08:02 1838560                    /usr/lib/jvm/java-11-openjdk-amd64/lib/server/libjvm.so
7faa80274000-7faa80473000 ---p 010d9000 08:02 1838560                    /usr/lib/jvm/java-11-openjdk-amd64/lib/server/libjvm.so
7faa80473000-7faa80530000 r--p 010d8000 08:02 1838560                    /usr/lib/jvm/java-11-openjdk-amd64/lib/server/libjvm.so
7faa80530000-7faa8056a000 rw-p 01195000 08:02 1838560                    /usr/lib/jvm/java-11-openjdk-amd64/lib/server/libjvm.so
7faa8056a000-7faa805c0000 rw-p 00000000 00:00 0 
7faa805c0000-7faa805da000 r-xp 00000000 08:02 1052526                    /lib/x86_64-linux-gnu/libpthread-2.27.so
7faa805da000-7faa807d9000 ---p 0001a000 08:02 1052526                    /lib/x86_64-linux-gnu/libpthread-2.27.so
7faa807d9000-7faa807da000 r--p 00019000 08:02 1052526                    /lib/x86_64-linux-gnu/libpthread-2.27.so
7faa807da000-7faa807db000 rw-p 0001a000 08:02 1052526                    /lib/x86_64-linux-gnu/libpthread-2.27.so
7faa807db000-7faa807df000 rw-p 00000000 00:00 0 
7faa807df000-7faa807e2000 r-xp 00000000 08:02 1052416                    /lib/x86_64-linux-gnu/libdl-2.27.so
7faa807e2000-7faa809e1000 ---p 00003000 08:02 1052416                    /lib/x86_64-linux-gnu/libdl-2.27.so
7faa809e1000-7faa809e2000 r--p 00002000 08:02 1052416                    /lib/x86_64-linux-gnu/libdl-2.27.so
7faa809e2000-7faa809e3000 rw-p 00003000 08:02 1052416                    /lib/x86_64-linux-gnu/libdl-2.27.so
7faa809e3000-7faa809ff000 r-xp 00000000 08:02 1052565                    /lib/x86_64-linux-gnu/libz.so.1.2.11
7faa809ff000-7faa80bfe000 ---p 0001c000 08:02 1052565                    /lib/x86_64-linux-gnu/libz.so.1.2.11
7faa80bfe000-7faa80bff000 r--p 0001b000 08:02 1052565                    /lib/x86_64-linux-gnu/libz.so.1.2.11
7faa80bff000-7faa80c00000 rw-p 0001c000 08:02 1052565                    /lib/x86_64-linux-gnu/libz.so.1.2.11
7faa80c00000-7faa80de7000 r-xp 00000000 08:02 1052393                    /lib/x86_64-linux-gnu/libc-2.27.so
7faa80de7000-7faa80fe7000 ---p 001e7000 08:02 1052393                    /lib/x86_64-linux-gnu/libc-2.27.so
7faa80fe7000-7faa80feb000 r--p 001e7000 08:02 1052393                    /lib/x86_64-linux-gnu/libc-2.27.so
7faa80feb000-7faa80fed000 rw-p 001eb000 08:02 1052393                    /lib/x86_64-linux-gnu/libc-2.27.so
7faa80fed000-7faa80ff1000 rw-p 00000000 00:00 0 
7faa80ff1000-7faa81001000 r-xp 00000000 08:02 1838519                    /usr/lib/jvm/java-11-openjdk-amd64/lib/jli/libjli.so
7faa81001000-7faa81200000 ---p 00010000 08:02 1838519                    /usr/lib/jvm/java-11-openjdk-amd64/lib/jli/libjli.so
7faa81200000-7faa81201000 r--p 0000f000 08:02 1838519                    /usr/lib/jvm/java-11-openjdk-amd64/lib/jli/libjli.so
7faa81201000-7faa81202000 rw-p 00010000 08:02 1838519                    /usr/lib/jvm/java-11-openjdk-amd64/lib/jli/libjli.so
7faa81202000-7faa81229000 r-xp 00000000 08:02 1052365                    /lib/x86_64-linux-gnu/ld-2.27.so
7faa8123b000-7faa81301000 rw-p 00000000 00:00 0 
7faa81301000-7faa8130b000 ---p 00000000 00:00 0 
7faa8130b000-7faa8130f000 ---p 00000000 00:00 0 
7faa8130f000-7faa8140e000 rw-p 00000000 00:00 0 
7faa81414000-7faa8141b000 r--s 00000000 08:02 1836916                    /usr/lib/x86_64-linux-gnu/gconv/gconv-modules.cache
7faa8141b000-7faa8141d000 r--s 00007000 08:02 1960                       /usr/share/java/java-atk-wrapper.jar
7faa8141d000-7faa81425000 rw-s 00000000 08:02 789108                     /tmp/hsperfdata_udara/16184
7faa81425000-7faa81426000 ---p 00000000 00:00 0 
7faa81426000-7faa81427000 r--p 00000000 00:00 0 
7faa81427000-7faa81429000 rw-p 00000000 00:00 0 
7faa81429000-7faa8142a000 r--p 00027000 08:02 1052365                    /lib/x86_64-linux-gnu/ld-2.27.so
7faa8142a000-7faa8142b000 rw-p 00028000 08:02 1052365                    /lib/x86_64-linux-gnu/ld-2.27.so
7faa8142b000-7faa8142c000 rw-p 00000000 00:00 0 
7ffdb6731000-7ffdb6755000 rw-p 00000000 00:00 0                          [stack]
7ffdb67ea000-7ffdb67ed000 r--p 00000000 00:00 0                          [vvar]
7ffdb67ed000-7ffdb67ef000 r-xp 00000000 00:00 0                          [vdso]
ffffffffff600000-ffffffffff601000 r-xp 00000000 00:00 0                  [vsyscall]


VM Arguments:
jvm_args: -agentlib:jdwp=transport=dt_socket,suspend=y,address=localhost:43357 -Dcom.sun.management.jmxremote -Dcom.sun.management.jmxremote.port=37941 -Dcom.sun.management.jmxremote.authenticate=false -Dcom.sun.management.jmxremote.ssl=false -Djava.rmi.server.hostname=localhost -Dspring.jmx.enabled=true -Dspring.liveBeansView.mbeanDomain -Dspring.application.admin.enabled=true -Xverify:none -XX:TieredStopAtLevel=1 -Dfile.encoding=UTF-8 
java_command: com.uca.categorymgr.RestServiceApplication --spring.profiles.active=dev
java_class_path (initial): /home/udara/Documents/Assisment/maybank-assinment-project/product-management-service/target/classes:/home/udara/.m2/repository/org/springframework/boot/spring-boot-starter-data-jpa/2.2.2.RELEASE/spring-boot-starter-data-jpa-2.2.2.RELEASE.jar:/home/udara/.m2/repository/org/springframework/boot/spring-boot-starter-aop/2.2.2.RELEASE/spring-boot-starter-aop-2.2.2.RELEASE.jar:/home/udara/.m2/repository/org/springframework/spring-aop/5.2.2.RELEASE/spring-aop-5.2.2.RELEASE.jar:/home/udara/.m2/repository/org/aspectj/aspectjweaver/1.9.5/aspectjweaver-1.9.5.jar:/home/udara/.m2/repository/org/springframework/boot/spring-boot-starter-jdbc/2.2.2.RELEASE/spring-boot-starter-jdbc-2.2.2.RELEASE.jar:/home/udara/.m2/repository/com/zaxxer/HikariCP/3.4.1/HikariCP-3.4.1.jar:/home/udara/.m2/repository/org/springframework/spring-jdbc/5.2.2.RELEASE/spring-jdbc-5.2.2.RELEASE.jar:/home/udara/.m2/repository/jakarta/activation/jakarta.activation-api/1.2.1/jakarta.activation-api-1.2.1.jar:/home/udara/.m2/repository/jakarta/persistence/jakarta.persistence-api/2.2.3/jakarta.persistence-api-2.2.3.jar:/home/udara/.m2/repository/jakarta/transaction/jakarta.transaction-api/1.3.3/jakarta.transaction-api-1.3.3.jar:/home/udara/.m2/repository/org/hibernate/hibernate-core/5.4.9.Final/hibernate-core-5.4.9.Final.jar:/home/udara/.m2/repository/org/jboss/logging/jboss-logging/3.4.1.Final/jboss-logging-3.4.1.Final.jar:/home/udara/.m2/repository/org/javassist/javassist/3.24.0-GA/javassist-3.24.0-GA.jar:/home/udara/.m2/repository/net/bytebuddy/byte-buddy/1.10.4/byte-buddy-1.10.4.jar:/home/udara/.m2/repository/antlr/antlr/2.7.7/antlr-2.7.7.jar:/home/udara/.m2/repository/org/jboss/jandex/2.1.1.Final/jandex-2.1.1.Final.jar:/home/udara/.m2/repository/com/fasterxml/classmate/1.5.1/classmate-1.5.1.jar:/home/udara/.m2/repository/org/dom4j/dom4j/2.1.1/dom4j-2.1.1.jar:/home/udara/.m2/repository/org/hibernate/common/hibernate-commons-annotations/5.1.0.Final/hibernate-commons-annotations-5.1.0.
Launcher Type: SUN_STANDARD

[Global flags]
     bool BytecodeVerificationLocal                = false                                     {product} {command line}
     bool BytecodeVerificationRemote               = false                                     {product} {command line}
     intx CICompilerCount                          = 4                                         {product} {ergonomic}
     uint ConcGCThreads                            = 2                                         {product} {ergonomic}
     uint G1ConcRefinementThreads                  = 8                                         {product} {ergonomic}
   size_t G1HeapRegionSize                         = 1048576                                   {product} {ergonomic}
    uintx GCDrainStackTargetSize                   = 64                                        {product} {ergonomic}
   size_t InitialHeapSize                          = 130023424                                 {product} {ergonomic}
     bool ManagementServer                         = true                                      {product} {command line}
   size_t MarkStackSize                            = 4194304                                   {product} {ergonomic}
   size_t MaxHeapSize                              = 2061500416                                {product} {ergonomic}
   size_t MaxNewSize                               = 1236271104                                {product} {ergonomic}
   size_t MinHeapDeltaBytes                        = 1048576                                   {product} {ergonomic}
    uintx NonNMethodCodeHeapSize                   = 7549744                                {pd product} {ergonomic}
    uintx NonProfiledCodeHeapSize                  = 244108496                              {pd product} {ergonomic}
    uintx ProfiledCodeHeapSize                     = 0                                      {pd product} {ergonomic}
    uintx ReservedCodeCacheSize                    = 251658240                              {pd product} {ergonomic}
     bool SegmentedCodeCache                       = true                                      {product} {ergonomic}
     intx TieredStopAtLevel                        = 1                                         {product} {command line}
     bool UseCompressedClassPointers               = true                                 {lp64_product} {ergonomic}
     bool UseCompressedOops                        = true                                 {lp64_product} {ergonomic}
     bool UseG1GC                                  = true                                      {product} {ergonomic}

Logging:
Log output configuration:
 #0: stdout all=warning uptime,level,tags
 #1: stderr all=off uptime,level,tags

Environment Variables:
PATH=/opt/maven/bin:/usr/local/sbin:/usr/local/bin:/usr/sbin:/usr/bin:/sbin:/bin:/usr/games:/usr/local/games:/snap/bin
USERNAME=udara
SHELL=/bin/bash
DISPLAY=:0

Signal Handlers:
SIGSEGV: [libjvm.so+0xdf1470], sa_mask[0]=11111111011111111101111111111110, sa_flags=SA_RESTART|SA_SIGINFO
SIGBUS: [libjvm.so+0xdf1470], sa_mask[0]=11111111011111111101111111111110, sa_flags=SA_RESTART|SA_SIGINFO
SIGFPE: [libjvm.so+0xdf1470], sa_mask[0]=11111111011111111101111111111110, sa_flags=SA_RESTART|SA_SIGINFO
SIGPIPE: [libjvm.so+0xbc5560], sa_mask[0]=11111111011111111101111111111110, sa_flags=SA_RESTART|SA_SIGINFO
SIGXFSZ: [libjvm.so+0xbc5560], sa_mask[0]=11111111011111111101111111111110, sa_flags=SA_RESTART|SA_SIGINFO
SIGILL: [libjvm.so+0xdf1470], sa_mask[0]=11111111011111111101111111111110, sa_flags=SA_RESTART|SA_SIGINFO
SIGUSR2: [libjvm.so+0xbc5400], sa_mask[0]=00100000000000000000000000000000, sa_flags=SA_RESTART|SA_SIGINFO
SIGHUP: [libjvm.so+0xbc5760], sa_mask[0]=11111111011111111101111111111110, sa_flags=SA_RESTART|SA_SIGINFO
SIGINT: [libjvm.so+0xbc5760], sa_mask[0]=11111111011111111101111111111110, sa_flags=SA_RESTART|SA_SIGINFO
SIGTERM: [libjvm.so+0xbc5760], sa_mask[0]=11111111011111111101111111111110, sa_flags=SA_RESTART|SA_SIGINFO
SIGQUIT: [libjvm.so+0xbc5760], sa_mask[0]=11111111011111111101111111111110, sa_flags=SA_RESTART|SA_SIGINFO


---------------  S Y S T E M  ---------------

OS:DISTRIB_ID=Ubuntu
DISTRIB_RELEASE=18.04
DISTRIB_CODENAME=bionic
DISTRIB_DESCRIPTION="Ubuntu 18.04.4 LTS"
uname:Linux 4.15.0-76-generic #86-Ubuntu SMP Fri Jan 17 17:24:28 UTC 2020 x86_64
libc:glibc 2.27 NPTL 2.27 
rlimit: STACK 8192k, CORE 0k, NPROC 30852, NOFILE 1048576, AS infinity, DATA infinity, FSIZE infinity
load average:2.21 2.41 2.51

/proc/meminfo:
MemTotal:        8047564 kB
MemFree:          144920 kB
MemAvailable:     925960 kB
Buffers:          241336 kB
Cached:          1117552 kB
SwapCached:       334640 kB
Active:          5851248 kB
Inactive:        1366648 kB
Active(anon):    5357932 kB
Inactive(anon):   925072 kB
Active(file):     493316 kB
Inactive(file):   441576 kB
Unevictable:         320 kB
Mlocked:             320 kB
SwapTotal:      26557436 kB
SwapFree:       22099760 kB
Dirty:              1312 kB
Writeback:             0 kB
AnonPages:       5820648 kB
Mapped:           674040 kB
Shmem:            491216 kB
Slab:             366208 kB
SReclaimable:     140476 kB
SUnreclaim:       225732 kB
KernelStack:       36032 kB
PageTables:       128648 kB
NFS_Unstable:          0 kB
Bounce:                0 kB
WritebackTmp:          0 kB
CommitLimit:    30581216 kB
Committed_AS:   27569596 kB
VmallocTotal:   34359738367 kB
VmallocUsed:           0 kB
VmallocChunk:          0 kB
HardwareCorrupted:     0 kB
AnonHugePages:         0 kB
ShmemHugePages:        0 kB
ShmemPmdMapped:        0 kB
CmaTotal:              0 kB
CmaFree:               0 kB
HugePages_Total:       0
HugePages_Free:        0
HugePages_Rsvd:        0
HugePages_Surp:        0
Hugepagesize:       2048 kB
DirectMap4k:      898100 kB
DirectMap2M:     7370752 kB
DirectMap1G:           0 kB


/proc/sys/kernel/threads-max (system-wide limit on the number of threads):
61705


/proc/sys/vm/max_map_count (maximum number of memory map areas a process may have):
65530


/proc/sys/kernel/pid_max (system-wide limit on number of process identifiers):
32768



container (cgroup) information:
container_type: cgroupv1
cpu_cpuset_cpus: 0-7
cpu_memory_nodes: 0
active_processor_count: 8
cpu_quota: -1
cpu_period: 100000
cpu_shares: -1
memory_limit_in_bytes: -1
memory_and_swap_limit_in_bytes: -2
memory_soft_limit_in_bytes: -1
memory_usage_in_bytes: 7193882624
memory_max_usage_in_bytes: 7671185408

Steal ticks since vm start: 0
Steal ticks percentage since vm start:  0.000

CPU:total 8 (initial active 8) (4 cores per cpu, 2 threads per core) family 6 model 142 stepping 10, cmov, cx8, fxsr, mmx, sse, sse2, sse3, ssse3, sse4.1, sse4.2, popcnt, avx, avx2, aes, clmul, erms, 3dnowpref, lzcnt, ht, tsc, tscinvbit, bmi1, bmi2, adx, fma
CPU Model and flags from /proc/cpuinfo:
model name	: Intel(R) Core(TM) i7-8550U CPU @ 1.80GHz
flags		: fpu vme de pse tsc msr pae mce cx8 apic sep mtrr pge mca cmov pat pse36 clflush dts acpi mmx fxsr sse sse2 ss ht tm pbe syscall nx pdpe1gb rdtscp lm constant_tsc art arch_perfmon pebs bts rep_good nopl xtopology nonstop_tsc cpuid aperfmperf tsc_known_freq pni pclmulqdq dtes64 monitor ds_cpl vmx est tm2 ssse3 sdbg fma cx16 xtpr pdcm pcid sse4_1 sse4_2 x2apic movbe popcnt tsc_deadline_timer aes xsave avx f16c rdrand lahf_lm abm 3dnowprefetch cpuid_fault epb invpcid_single pti ssbd ibrs ibpb stibp tpr_shadow vnmi flexpriority ept vpid fsgsbase tsc_adjust bmi1 avx2 smep bmi2 erms invpcid mpx rdseed adx smap clflushopt intel_pt xsaveopt xsavec xgetbv1 xsaves dtherm ida arat pln pts hwp hwp_notify hwp_act_window hwp_epp md_clear flush_l1d

Memory: 4k page, physical 8047564k(144672k free), swap 26557436k(22099760k free)

vm_info: OpenJDK 64-Bit Server VM (11.0.6+10-post-Ubuntu-1ubuntu118.04.1) for linux-amd64 JRE (11.0.6+10-post-Ubuntu-1ubuntu118.04.1), built on Jan 15 2020 15:14:00 by "unknown" with gcc 7.4.0

END.
